  Program estimates the power spectral density (PSD)
   of data.  PSD functions can be a combination of:
   1) white noise
    2) Simple power law noise P/f^n
   3) a Gauss Markov version P/(fa^n + f^2)
       where fa=alpha/2*pi
   4) A second power law
   5) Band-pass filtered noise
  
  While estimating the PSD function, program also estimates
   various parameters that describe the time series including
   1) DC term
   2) rate
   3) sinusoidal amplitudes of specified frequencies
   4) rate changes
   5) offset
   6) simple exponential and log(t) function
   7) user supplied function or data
  
  Program can handle data in various formats
  
  A journal file consisting of typed input
   is created in estin.jrn
 Input the data type for  processing
  otr=data
        format of year, day of year, data, error bar
  otd=data
        format of YearMnDa,  data, error bar
  otx=data
        format of year mo da,  data, error bar
  mjd=data
        Modified Julian day, data, error bar
 For all of the above, the da is double precision
     which allows decimal days to accomodate seconds
  
  gmt=data with GMT format for time
         year-mo-daThr:mn:secs.x data, error bar
  input number of time series
    program will estimate only one set of PSD functions
  input the period of interest
  start and stop times; year day_of_yr year day_of_yr
   "day_of_yr" may be decimal day
  Day numbers from 1960    13516.0000000000        19559.0000000000     
  
  Input the parameters of time series to be estimated
  
  Will rate be estimated? y/n
  rate renomalization is    8.272416    
  
  Rate changes:
   time is the "hinge point"
  Input the number of rate changes in data
  
  Input the number of periodicities in the data
  Input the period (in days) of                      1  period
  Input the period (in days) of                      2  period
  
  Offset:  specify first day after offset
  Input the number of offsets
  Offset time                     1  year day_of_yr 
   "day_of_yr" may be decimal day
  Offset at    16063.0000000000     
  Offset time                     2  year day_of_yr 
   "day_of_yr" may be decimal day
  Offset at    16343.0000000000     
  
  Input the number of exponentials in time series
  Exponential time                     1  year day_of_yr 
   "day_of_yr" may be decimal day
  Exponential starting at    16062.0000000000     
  Input the time constant in years and fix/float
  Input the type of function; e for 1-exp(-t/tau)
       or                     m for log10(1.0 + t/tau)
  Exponential time                     2  year day_of_yr 
   "day_of_yr" may be decimal day
  Exponential starting at    16343.0000000000     
  Input the time constant in years and fix/float
  Input the type of function; e for 1-exp(-t/tau)
       or                     m for log10(1.0 + t/tau)
  The number of exponential time constants that are fixed:                     2
  Input the format style of baseline data (otr, otx, otd, mjd, or gmt)
  Input name of file for baseline number                      1
  column of A matrix prior to input pressure data                    10
  Number of files of Auxillary data (pressure)
  Number of data read is                   4836
  Number of model parameters is                     10
  
   prob1.out; time, data, and A matrix  aux data excluded
   prob2.out has stuff in cronological and aux. data 
  
  Average Sampling interval:     1.023371      days
  Standard deviation of Ave. interval:   0.3518293      days
  Shortest Sampling interval:    1.000000      days
  Longest Sampling Interval:     20.00000      days
  
  Input the minimum sampling interval in days to use
  Number of points in time series for analysis is                  4949
  
  Input the type Noise model construction
  n or q = noise components are summed as squares
    as in est_noise6.x (Langbein, 2004)
  a = noise component are simple sums
    automatically switches between cholesky decomposition
     or computing inverse using combo of inverse
     convoluton and Bos et al (2012) for missing data
  c = noise component simple sums
      forces inversion using cholesky decomposition
  f = noise component simple sums
     forces combo of inverse convolution and
      and Bos et al (2012) for missing data
  
  Do you want to substitute real data with random numbers? y/n
  Estimate of white noise component of data is:  0.8541927    
  methods to decimate data
  0 = no decimation
  1 = keep 2, skip 1, keep 2, skip 1
  2 = keep 2, skip 1, keep 1, skip 2, keep 2, skip 1...
  3 = keep 2, skip 1, keep 1, skip 2, keep 1, skip 3, keep 2 skip 1...
  4 or more...make it option 3
 input choice, BUT is noise model is simple sums, then ignore
                  4948                  4836                   113
  Estimated number of missing data is                    113
  Estimated percenta of data gaps is   2.283751    
  Eigenvalues                      1   2.58210128034468     
                     2   9.96039874310534                          3
   178.313469791513                          4   1410.52841527721     
                     5   2144.10078438526                          6
   2376.48737743714                          7   2448.47487699183     
                     8   2491.37590044156                          9
   2547.51181564251                         10   151796.967175469     
  Using                     10  out of                    10  eigenvalues
  RMS fit using white noise model is   1.517038    
  Log MLE for white noise error model is   -8872.436    
  
 Nomimal value for baseline   1     87.41 +/-       0.07
 Rate in units per year         -12.4225 +/-           0.0140
 Period of  365.250 days,  cos amp=         0.57 +/-      0.02  sin amp=        -0.78 +/-      0.02  magnitude=         0.96 +/-      0.02
 Period of  182.625 days,  cos amp=        -0.06 +/-      0.02  sin amp=        -0.13 +/-      0.02  magnitude=         0.14 +/-      0.02
 Offset number     1 at  2003   357.000 is       5.11 +/-     0.56
 Offset number     2 at  2004   272.000 is     -10.79 +/-     0.35
 Exponential number     1 at  2003   356.000 is      -3.42 +/-     0.16  Time constant is:  0.10000E-03 yrs
 Exponential number     2 at  2004   272.000 is      19.10 +/-     0.11  Time constant is:  0.10000E-03 yrs
  Number of missing data are                   113
  percentage of data gaps   2.283289    
  sampling interval in yrs   2.737850787132101E-003
  
   Input the initial parameters of the PSD and whether
    the item is "fix" or "float"
    if "fix", then the item is not estimated
    if "float", then the item is estimated
  
  Input the white noise "instrument precision" and fix/float
   Suggested input is   0.8541927      enter -99999.0 to use suggested value
  Input the amplitude first Power law function and fix/float
  To use default value, enter -99999.0
  Input the exponent 1 < n < 3 and fix/float
  Input the time constant alpha in c/yr and fix/float
  
  Input the parameters for band-passed filtered noise
  Input low and high freq stop band in c/yr
  low frequency stop band is   0.5000000      c/yr
  high frequency stop band is    2.000000      c/yr
  number of poles between 1 and 4
  Input the amplitude and fix/float
  Input the exponent of second Power Law function fix/float
  Input the amplitude of second PL function fix/float
  
  Sometimes, it may be necessary to add white noise to data so
  that a better estimate of long period PSD parameters can be made.
 This is especially true for data that is predominantly power noise
  Enter value of white noise to be added (nominal it should be 0)
  Calculating power law covariance for second set
  Number of loops for downhill simplex                     2
  ModType f  calling funmin
  
  list of trial covariance parameters
    white noise     PL_1 amp     PL_1 exp      GM freq       BP amp      PL_2 amp      PL_2 exp  determinant  chi^2        MLE           cpu 
       1.0000       1.0000       2.0000       0.0000       0.0000       0.0001       2.0000        248.008     3824.216    -6604.103        1.027
 tau=   0.10E-03   tau=   0.10E-03   tau= 
       0.7000       1.0000       2.0000       0.0000       0.0000       0.0001       2.0000      -1374.377     7473.292    -6806.256        0.914
 tau=   0.10E-03   tau=   0.10E-03   tau= 
       1.0000       1.9500       2.0000       0.0000       0.0000       0.0001       2.0000        472.317     3496.121    -6664.364        0.902
 tau=   0.10E-03   tau=   0.10E-03   tau= 
       1.0000       1.0000       2.4000       0.0000       0.0000       0.0001       2.0000        139.836     4019.173    -6593.409        0.902
 tau=   0.10E-03   tau=   0.10E-03   tau= 
  Initial solutions for Amoeba
    6604.103     1.00   1.00   2.00   0.00   0.00   0.00   2.00
    6806.256     0.70   1.00   2.00   0.00   0.00   0.00   2.00
    6664.364     1.00   1.95   2.00   0.00   0.00   0.00   2.00
    6593.409     1.00   1.00   2.40   0.00   0.00   0.00   2.00
  Tolerance of mle   4.9999999E-06
       1.1500       1.4750       2.2000       0.0000       0.0000       0.0001       2.0000        913.472     2907.913    -6811.416        0.906
 tau=   0.10E-03   tau=   0.10E-03   tau= 
       0.8125       1.1187       2.0500       0.0000       0.0000       0.0001       2.0000       -689.025     5630.974    -6570.449        0.906
 tau=   0.10E-03   tau=   0.10E-03   tau= 
       0.9062       0.5844       2.2250       0.0000       0.0000       0.0001       2.0000       -359.352     4960.599    -6564.935        0.906
 tau=   0.10E-03   tau=   0.10E-03   tau= 
       0.8594       0.0984       2.3375       0.0000       0.0000       0.0001       2.0000       -715.038     6656.361    -7057.129        0.906
 tau=   0.10E-03   tau=   0.10E-03   tau= 
       0.8594       0.8516       2.3375       0.0000       0.0000       0.0001       2.0000       -581.315     5409.162    -6567.253        0.906
 tau=   0.10E-03   tau=   0.10E-03   tau= 
       0.7891       0.7773       2.1062       0.0000       0.0000       0.0001       2.0000       -935.740     6243.790    -6630.142        0.902
 tau=   0.10E-03   tau=   0.10E-03   tau= 
       0.9473       0.9443       2.3266       0.0000       0.0000       0.0001       2.0000       -107.103     4444.859    -6559.313        0.906
 tau=   0.10E-03   tau=   0.10E-03   tau= 
       0.9502       0.6308       2.4195       0.0000       0.0000       0.0001       2.0000       -156.285     4566.184    -6570.794        0.902
 tau=   0.10E-03   tau=   0.10E-03   tau= 
       0.8469       0.9968       2.1424       0.0000       0.0000       0.0001       2.0000       -566.270     5356.649    -6556.041        0.902
 tau=   0.10E-03   tau=   0.10E-03   tau= 
       0.9205       0.8370       2.1782       0.0000       0.0000       0.0001       2.0000       -225.381     4661.142    -6549.176        0.902
 tau=   0.10E-03   tau=   0.10E-03   tau= 
       0.9511       0.8296       2.0986       0.0000       0.0000       0.0001       2.0000        -53.972     4342.221    -6561.126        0.902
 tau=   0.10E-03   tau=   0.10E-03   tau= 
       0.9042       1.0968       2.2111       0.0000       0.0000       0.0001       2.0000       -265.350     4734.900    -6546.087        0.910
 tau=   0.10E-03   tau=   0.10E-03   tau= 
       0.9032       1.3531       2.2041       0.0000       0.0000       0.0001       2.0000       -217.485     4647.905    -6550.454        0.906
 tau=   0.10E-03   tau=   0.10E-03   tau= 
       0.8622       0.9931       2.1026       0.0000       0.0000       0.0001       2.0000       -471.095     5147.490    -6546.637        0.902
 tau=   0.10E-03   tau=   0.10E-03   tau= 
       0.9200       0.9651       2.1747       0.0000       0.0000       0.0001       2.0000       -200.693     4608.322    -6547.455        0.902
 tau=   0.10E-03   tau=   0.10E-03   tau= 
       0.8830       1.1090       2.1551       0.0000       0.0000       0.0001       2.0000       -353.704     4907.150    -6543.858        0.906
 tau=   0.10E-03   tau=   0.10E-03   tau= 
       0.8642       1.2451       2.1435       0.0000       0.0000       0.0001       2.0000       -417.547     5041.412    -6547.146        0.902
 tau=   0.10E-03   tau=   0.10E-03   tau= 
       0.8647       1.1169       2.1470       0.0000       0.0000       0.0001       2.0000       -445.026     5095.874    -6546.897        0.902
 tau=   0.10E-03   tau=   0.10E-03   tau= 
       0.8924       1.0410       2.1609       0.0000       0.0000       0.0001       2.0000       -321.695     4842.584    -6543.584        0.902
 tau=   0.10E-03   tau=   0.10E-03   tau= 
       0.9062       1.0030       2.1678       0.0000       0.0000       0.0001       2.0000       -260.907     4723.166    -6544.663        0.906
 tau=   0.10E-03   tau=   0.10E-03   tau= 
       0.9087       1.1269       2.2122       0.0000       0.0000       0.0001       2.0000       -237.184     4680.433    -6547.019        0.902
 tau=   0.10E-03   tau=   0.10E-03   tau= 
       0.8738       1.0265       2.1300       0.0000       0.0000       0.0001       2.0000       -411.219     5023.127    -6544.331        0.902
 tau=   0.10E-03   tau=   0.10E-03   tau= 
       0.8725       1.0399       2.1174       0.0000       0.0000       0.0001       2.0000       -410.940     5021.714    -6543.903        0.902
 tau=   0.10E-03   tau=   0.10E-03   tau= 
       0.8870       1.0817       2.1517       0.0000       0.0000       0.0001       2.0000       -337.644     4874.115    -6543.400        0.906
 tau=   0.10E-03   tau=   0.10E-03   tau= 
       0.8936       1.1092       2.1626       0.0000       0.0000       0.0001       2.0000       -301.469     4802.681    -6543.858        0.906
 tau=   0.10E-03   tau=   0.10E-03   tau= 
       0.8949       1.0959       2.1751       0.0000       0.0000       0.0001       2.0000       -301.542     4803.608    -6544.249        0.902
 tau=   0.10E-03   tau=   0.10E-03   tau= 
       0.8781       1.0539       2.1318       0.0000       0.0000       0.0001       2.0000       -383.320     4965.613    -6543.473        0.906
 tau=   0.10E-03   tau=   0.10E-03   tau= 
       0.8872       1.0338       2.1447       0.0000       0.0000       0.0001       2.0000       -344.516     4887.421    -6543.182        0.906
 tau=   0.10E-03   tau=   0.10E-03   tau= 
       0.8894       0.9961       2.1395       0.0000       0.0000       0.0001       2.0000       -340.098     4878.480    -6543.129        0.902
 tau=   0.10E-03   tau=   0.10E-03   tau= 
       0.8810       1.0453       2.1311       0.0000       0.0000       0.0001       2.0000       -369.569     4937.397    -6543.116        0.906
 tau=   0.10E-03   tau=   0.10E-03   tau= 
       0.8754       1.0475       2.1162       0.0000       0.0000       0.0001       2.0000       -393.483     4985.506    -6543.257        0.902
 tau=   0.10E-03   tau=   0.10E-03   tau= 
       0.8896       1.0346       2.1452       0.0000       0.0000       0.0001       2.0000       -331.964     4862.157    -6543.101        0.906
 tau=   0.10E-03   tau=   0.10E-03   tau= 
       0.8954       1.0250       2.1518       0.0000       0.0000       0.0001       2.0000       -306.394     4811.520    -6543.352        0.902
 tau=   0.10E-03   tau=   0.10E-03   tau= 
       0.8865       0.9972       2.1320       0.0000       0.0000       0.0001       2.0000       -352.141     4902.338    -6543.015        0.906
 tau=   0.10E-03   tau=   0.10E-03   tau= 
       0.8863       0.9550       2.1221       0.0000       0.0000       0.0001       2.0000       -359.745     4917.984    -6543.233        0.902
 tau=   0.10E-03   tau=   0.10E-03   tau= 
  
  Best fitting solutions
  MLE=   -6543.01519805674     
  white noise=   0.8865206    
  Bandpass filter amplitude=   0.0000000E+00
  power law noise 1
     amplitude=   0.9972280    
     exponent=    2.131998    
     G-M freq=   0.0000000E+00
  power law noise 2
     amplitude=   9.9999997E-05
     exponent=    2.000000    
  
       1.0638       0.9972       2.1320       0.0000       0.0000       0.0001       2.0000        491.946     3462.027    -6666.946        0.902
 tau=   0.10E-03   tau=   0.10E-03   tau= 
       0.8865       1.9446       2.1320       0.0000       0.0000       0.0001       2.0000       -143.188     4532.527    -6567.062        0.910
 tau=   0.10E-03   tau=   0.10E-03   tau= 
       0.8865       0.9972       1.7320       0.0000       0.0000       0.0001       2.0000       -175.881     4557.176    -6546.694        0.906
 tau=   0.10E-03   tau=   0.10E-03   tau= 
  Initial solutions for Amoeba
    6543.015     0.89   1.00   2.13   0.00   0.00   0.00   2.00
    6666.946     1.06   1.00   2.13   0.00   0.00   0.00   2.00
    6567.062     0.89   1.94   2.13   0.00   0.00   0.00   2.00
    6546.694     0.89   1.00   1.73   0.00   0.00   0.00   2.00
  Tolerance of mle   2.4999999E-06
       0.7979       1.4709       1.9320       0.0000       0.0000       0.0001       2.0000       -599.661     5435.782    -6562.217        0.902
 tau=   0.10E-03   tau=   0.10E-03   tau= 
       0.8422       0.7604       1.8320       0.0000       0.0000       0.0001       2.0000       -545.178     5324.658    -6561.138        0.914
 tau=   0.10E-03   tau=   0.10E-03   tau= 
       0.9087       0.6420       1.8820       0.0000       0.0000       0.0001       2.0000       -253.927     4752.420    -6566.270        0.938
 tau=   0.10E-03   tau=   0.10E-03   tau= 
       0.8256       1.2637       1.9195       0.0000       0.0000       0.0001       2.0000       -507.387     5219.741    -6546.470        0.930
 tau=   0.10E-03   tau=   0.10E-03   tau= 
       0.8782       1.2489       1.9757       0.0000       0.0000       0.0001       2.0000       -266.921     4725.879    -6540.005        0.949
 tau=   0.10E-03   tau=   0.10E-03   tau= 
       0.8962       1.4931       2.0476       0.0000       0.0000       0.0001       2.0000       -149.901     4513.468    -6550.820        0.906
 tau=   0.10E-03   tau=   0.10E-03   tau= 
       0.8519       1.2563       2.1476       0.0000       0.0000       0.0001       2.0000       -482.008     5179.068    -6551.513        0.910
 tau=   0.10E-03   tau=   0.10E-03   tau= 
       0.8779       1.0620       1.8359       0.0000       0.0000       0.0001       2.0000       -253.372     4697.319    -6539.274        0.910
 tau=   0.10E-03   tau=   0.10E-03   tau= 
       0.9085       1.0222       2.0121       0.0000       0.0000       0.0001       2.0000       -190.591     4580.429    -6543.610        0.910
 tau=   0.10E-03   tau=   0.10E-03   tau= 
       0.8670       1.1429       1.9658       0.0000       0.0000       0.0001       2.0000       -349.521     4888.477    -6538.704        0.934
 tau=   0.10E-03   tau=   0.10E-03   tau= 
       0.8463       1.2033       1.9426       0.0000       0.0000       0.0001       2.0000       -428.642     5051.250    -6540.970        0.941
 tau=   0.10E-03   tau=   0.10E-03   tau= 
       0.8683       1.2283       1.8227       0.0000       0.0000       0.0001       2.0000       -237.223     4663.919    -6538.723        0.906
 tau=   0.10E-03   tau=   0.10E-03   tau= 
       0.8675       1.0922       1.8243       0.0000       0.0000       0.0001       2.0000       -289.658     4767.310    -6537.984        0.902
 tau=   0.10E-03   tau=   0.10E-03   tau= 
       0.8621       1.0138       1.7486       0.0000       0.0000       0.0001       2.0000       -302.887     4798.793    -6540.497        0.906
 tau=   0.10E-03   tau=   0.10E-03   tau= 
       0.8625       1.2007       1.8885       0.0000       0.0000       0.0001       2.0000       -315.230     4817.733    -6537.623        0.930
 tau=   0.10E-03   tau=   0.10E-03   tau= 
       0.8548       1.2701       1.9147       0.0000       0.0000       0.0001       2.0000       -348.219     4886.031    -6538.784        0.938
 tau=   0.10E-03   tau=   0.10E-03   tau= 
       0.8644       1.1038       1.9279       0.0000       0.0000       0.0001       2.0000       -356.591     4901.616    -6538.204        0.934
 tau=   0.10E-03   tau=   0.10E-03   tau= 
       0.8637       1.1269       1.8375       0.0000       0.0000       0.0001       2.0000       -304.827     4796.545    -6537.432        0.934
 tau=   0.10E-03   tau=   0.10E-03   tau= 
       0.8620       1.1188       1.7733       0.0000       0.0000       0.0001       2.0000       -278.369     4745.225    -6538.230        0.914
 tau=   0.10E-03   tau=   0.10E-03   tau= 
       0.8646       1.1580       1.8112       0.0000       0.0000       0.0001       2.0000       -273.465     4734.492    -6537.768        0.910
 tau=   0.10E-03   tau=   0.10E-03   tau= 
       0.8616       1.1967       1.8564       0.0000       0.0000       0.0001       2.0000       -302.452     4791.711    -6537.391        0.914
 tau=   0.10E-03   tau=   0.10E-03   tau= 
       0.8587       1.2489       1.8724       0.0000       0.0000       0.0001       2.0000       -309.775     4807.122    -6537.773        0.918
 tau=   0.10E-03   tau=   0.10E-03   tau= 
       0.8616       1.1831       1.8856       0.0000       0.0000       0.0001       2.0000       -323.979     4835.018    -6537.516        0.934
 tau=   0.10E-03   tau=   0.10E-03   tau= 
       0.8622       1.1530       1.8455       0.0000       0.0000       0.0001       2.0000       -308.024     4802.669    -6537.297        0.938
 tau=   0.10E-03   tau=   0.10E-03   tau= 
       0.8620       1.1291       1.8240       0.0000       0.0000       0.0001       2.0000       -304.600     4796.073    -6537.424        0.914
 tau=   0.10E-03   tau=   0.10E-03   tau= 
       0.8630       1.1467       1.8269       0.0000       0.0000       0.0001       2.0000       -295.426     4777.724    -6537.422        0.910
 tau=   0.10E-03   tau=   0.10E-03   tau= 
       0.8616       1.1847       1.8456       0.0000       0.0000       0.0001       2.0000       -300.528     4787.737    -6537.328        0.906
 tau=   0.10E-03   tau=   0.10E-03   tau= 
       0.8612       1.1939       1.8603       0.0000       0.0000       0.0001       2.0000       -307.861     4802.491    -6537.371        0.910
 tau=   0.10E-03   tau=   0.10E-03   tau= 
       0.8617       1.1675       1.8475       0.0000       0.0000       0.0001       2.0000       -306.981     4800.555    -6537.283        0.938
 tau=   0.10E-03   tau=   0.10E-03   tau= 
       0.8617       1.1528       1.8431       0.0000       0.0000       0.0001       2.0000       -309.318     4805.224    -6537.280        0.934
 tau=   0.10E-03   tau=   0.10E-03   tau= 
       0.8621       1.1484       1.8370       0.0000       0.0000       0.0001       2.0000       -305.095     4796.847    -6537.315        0.941
 tau=   0.10E-03   tau=   0.10E-03   tau= 
  
  Best fitting solutions
  MLE=   -6537.28027186694     
  white noise=   0.8616768    
  Bandpass filter amplitude=   0.0000000E+00
  power law noise 1
     amplitude=    1.152837    
     exponent=    1.843098    
     G-M freq=   0.0000000E+00
  power law noise 2
     amplitude=   9.9999997E-05
     exponent=    2.000000    
  
       0.8617       1.1528       1.8431       0.0000       0.0000       0.0001       2.0000       -309.318     4805.224    -6537.280        0.941
 tau=   0.10E-03   tau=   0.10E-03   tau= 
  Start the covariance calculations for noise model
  best estimate  0.8616768       dither  9.9999998E-03
  best estimate   1.152837       dither  9.9999998E-03
  best estimate   1.843098       dither  5.0000001E-02
  best estimate  0.0000000E+00   dither  5.0000001E-02
  best estimate  0.0000000E+00   dither  5.0000001E-02
  best estimate  9.9999997E-05   dither  5.0000001E-02
  best estimate   2.000000       dither  0.1000000    
       0.8531       1.1528       1.8431       0.0000       0.0000       0.0001       2.0000       -353.946     4894.685    -6537.383        0.938
 tau=   0.10E-03   tau=   0.10E-03   tau= 
       0.8703       1.1528       1.8431       0.0000       0.0000       0.0001       2.0000       -265.099     4718.218    -6537.997        0.922
 tau=   0.10E-03   tau=   0.10E-03   tau= 
       0.8617       1.1413       1.8431       0.0000       0.0000       0.0001       2.0000       -313.257     4813.132    -6537.296        0.910
 tau=   0.10E-03   tau=   0.10E-03   tau= 
       0.8617       1.1644       1.8431       0.0000       0.0000       0.0001       2.0000       -305.383     4797.359    -6537.284        0.906
 tau=   0.10E-03   tau=   0.10E-03   tau= 
       0.8617       1.1528       1.7509       0.0000       0.0000       0.0001       2.0000       -252.588     4694.757    -6538.778        0.906
 tau=   0.10E-03   tau=   0.10E-03   tau= 
  Dither changed to   3.0000001E-02
       0.8617       1.1528       1.7878       0.0000       0.0000       0.0001       2.0000       -276.129     4739.939    -6537.828        0.938
 tau=   0.10E-03   tau=   0.10E-03   tau= 
  Dither changed to   1.8000001E-02
       0.8617       1.1528       1.8099       0.0000       0.0000       0.0001       2.0000       -289.703     4766.413    -6537.490        0.938
 tau=   0.10E-03   tau=   0.10E-03   tau= 
       0.8617       1.1528       1.8763       0.0000       0.0000       0.0001       2.0000       -328.070     4842.973    -6537.403        0.914
 tau=   0.10E-03   tau=   0.10E-03   tau= 
       0.8703       1.1644       1.8431       0.0000       0.0000       0.0001       2.0000       -261.199     4710.542    -6538.059        0.902
 tau=   0.10E-03   tau=   0.10E-03   tau= 
       0.8531       1.1644       1.8431       0.0000       0.0000       0.0001       2.0000       -349.974     4886.628    -6537.326        0.922
 tau=   0.10E-03   tau=   0.10E-03   tau= 
       0.8703       1.1413       1.8431       0.0000       0.0000       0.0001       2.0000       -269.001     4725.943    -6537.957        0.926
 tau=   0.10E-03   tau=   0.10E-03   tau= 
       0.8531       1.1413       1.8431       0.0000       0.0000       0.0001       2.0000       -357.921     4902.788    -6537.459        0.918
 tau=   0.10E-03   tau=   0.10E-03   tau= 
       0.8703       1.1528       1.8763       0.0000       0.0000       0.0001       2.0000       -283.679     4754.901    -6537.758        0.922
 tau=   0.10E-03   tau=   0.10E-03   tau= 
       0.8531       1.1528       1.8763       0.0000       0.0000       0.0001       2.0000       -372.873     4933.541    -6537.885        0.910
 tau=   0.10E-03   tau=   0.10E-03   tau= 
       0.8703       1.1528       1.8099       0.0000       0.0000       0.0001       2.0000       -245.662     4680.507    -6538.578        0.906
 tau=   0.10E-03   tau=   0.10E-03   tau= 
       0.8531       1.1528       1.8099       0.0000       0.0000       0.0001       2.0000       -334.149     4854.735    -6537.205        0.914
 tau=   0.10E-03   tau=   0.10E-03   tau= 
       0.8617       1.1644       1.8763       0.0000       0.0000       0.0001       2.0000       -324.307     4835.440    -6537.399        0.914
 tau=   0.10E-03   tau=   0.10E-03   tau= 
       0.8617       1.1413       1.8763       0.0000       0.0000       0.0001       2.0000       -331.836     4850.548    -6537.424        0.914
 tau=   0.10E-03   tau=   0.10E-03   tau= 
       0.8617       1.1644       1.8099       0.0000       0.0000       0.0001       2.0000       -285.588     4758.208    -6537.503        0.910
 tau=   0.10E-03   tau=   0.10E-03   tau= 
       0.8617       1.1413       1.8099       0.0000       0.0000       0.0001       2.0000       -293.822     4774.666    -6537.498        0.910
 tau=   0.10E-03   tau=   0.10E-03   tau= 
  
  Inverse covariance matrix
                     1 acov=   3.5219398E+08   591.7847       1312.170    
  0.0000000E+00  0.0000000E+00  0.0000000E+00  0.0000000E+00
                     2 acov=    591.7847      1.9675325E+08   19.98350    
  0.0000000E+00  0.0000000E+00  0.0000000E+00  0.0000000E+00
                     3 acov=    1312.170       19.98350      2.3758602E+07
  0.0000000E+00  0.0000000E+00  0.0000000E+00  0.0000000E+00
                     4 acov=   0.0000000E+00  0.0000000E+00  0.0000000E+00
  0.0000000E+00  0.0000000E+00  0.0000000E+00  0.0000000E+00
                     5 acov=   0.0000000E+00  0.0000000E+00  0.0000000E+00
  0.0000000E+00  0.0000000E+00  0.0000000E+00  0.0000000E+00
                     6 acov=   0.0000000E+00  0.0000000E+00  0.0000000E+00
  0.0000000E+00  0.0000000E+00  0.0000000E+00  0.0000000E+00
                     7 acov=   0.0000000E+00  0.0000000E+00  0.0000000E+00
  0.0000000E+00  0.0000000E+00  0.0000000E+00  0.0000000E+00
  The eigenvalues   2.3758598E+07  1.9675330E+08  3.5219398E+08
  ier=                     0
  
  the covariance matrix
                     1  cov=   2.8393443E-09 -8.5400284E-15 -1.5681492E-13
  0.0000000E+00  0.0000000E+00  0.0000000E+00  0.0000000E+00
                     2  cov=  -8.5400284E-15  5.0825082E-09 -1.4477115E-15
  0.0000000E+00  0.0000000E+00  0.0000000E+00  0.0000000E+00
                     3  cov=  -1.5681492E-13 -1.4477115E-15  4.2090026E-08
  0.0000000E+00  0.0000000E+00  0.0000000E+00  0.0000000E+00
                     4  cov=   0.0000000E+00  0.0000000E+00  0.0000000E+00
  0.0000000E+00  0.0000000E+00  0.0000000E+00  0.0000000E+00
                     5  cov=   0.0000000E+00  0.0000000E+00  0.0000000E+00
  0.0000000E+00  0.0000000E+00  0.0000000E+00  0.0000000E+00
                     6  cov=   0.0000000E+00  0.0000000E+00  0.0000000E+00
  0.0000000E+00  0.0000000E+00  0.0000000E+00  0.0000000E+00
                     7  cov=   0.0000000E+00  0.0000000E+00  0.0000000E+00
  0.0000000E+00  0.0000000E+00  0.0000000E+00  0.0000000E+00
  
  Cross correlation matrix
                     1  cross correlation    1.000000     -2.2480772E-06
 -1.4344611E-05  0.0000000E+00  0.0000000E+00  0.0000000E+00  0.0000000E+00
                     2  cross correlation  -2.2480772E-06  0.9999999    
 -9.8981360E-08  0.0000000E+00  0.0000000E+00  0.0000000E+00  0.0000000E+00
                     3  cross correlation  -1.4344611E-05 -9.8981360E-08
   1.000000      0.0000000E+00  0.0000000E+00  0.0000000E+00  0.0000000E+00
                     4  cross correlation   0.0000000E+00  0.0000000E+00
  0.0000000E+00  0.0000000E+00  0.0000000E+00  0.0000000E+00  0.0000000E+00
                     5  cross correlation   0.0000000E+00  0.0000000E+00
  0.0000000E+00  0.0000000E+00  0.0000000E+00  0.0000000E+00  0.0000000E+00
                     6  cross correlation   0.0000000E+00  0.0000000E+00
  0.0000000E+00  0.0000000E+00  0.0000000E+00  0.0000000E+00  0.0000000E+00
                     7  cross correlation   0.0000000E+00  0.0000000E+00
  0.0000000E+00  0.0000000E+00  0.0000000E+00  0.0000000E+00  0.0000000E+00
 MLE best is    6537.28027186694     
  
  
  row number for optimal solution is                    74
  nmod=                    10
        82.331 +/-      0.000    -96.684 +/-      0.000      0.635 +/-      0.000     -0.580 +/-      0.000     -0.000 +/-      0.000     -0.062 +/-      0.000     -5.755 +/-      0.000     -2.492 +/-      0.000     -1.260 +/-      0.000     15.958 +/-      0.000
   82.33087      0.0000000E+00  -96.68374      0.0000000E+00  0.6345873    
  0.0000000E+00 -0.5801205      0.0000000E+00 -3.2085364E-04  0.0000000E+00
 -6.1841086E-02  0.0000000E+00  -5.754878      0.0000000E+00  -2.491896    
  0.0000000E+00  -1.259725      0.0000000E+00   15.95783      0.0000000E+00
  Eigenvalues                      1  0.187886964874952     
                     2  0.381969587519102                          3
  0.652123055809687                          4   10.1332720348321     
                     5   60.1308550458165                          6
   71.3304801830043                          7   208.602130561373     
                     8   218.898847679049                          9
   607.360565157652                         10   617.439982299424     
  Using                     10  out of                    10  eigenvalues
       0.8617       1.1528       1.8431       0.0000       0.0000       0.0001       2.0000       -309.318     4805.224    -6537.280        0.914
 tau=   0.10E-03   tau=   0.10E-03   tau= 
 
  number of rows is                    76
   82.33087      0.8352151      -96.68374       2.033773      0.6345873    
  7.0336305E-02 -0.5801205      7.0616096E-02 -3.2085364E-04  4.0851478E-02
 -6.1841086E-02  4.1062258E-02  -5.754878       1.474004      -2.491896    
   1.430259      -1.259725      0.5295253       15.95783      0.5195609    
  Update A_orig matrix
 ic=                  4836
  
  Residualdata in resid.out
  col 1 & 2, time; 3 is residual, 4 is calculated, 5 is data
  
  
  
 Nomimal value for baseline   1     82.33 +/-       0.84
 Rate in units per year         -11.6875 +/-           0.2458
 Period of  365.250 days,  cos amp=         0.63 +/-      0.07  sin amp=        -0.58 +/-      0.07  magnitude=         0.86 +/-      0.07
 Period of  182.625 days,  cos amp=        -0.00 +/-      0.04  sin amp=        -0.06 +/-      0.04  magnitude=         0.06 +/-      0.04
 Offset number     1 at  2003   357.000 is      -5.75 +/-     1.47
 Offset number     2 at  2004   272.000 is      -2.49 +/-     1.43
 Exponential number     1 at  2003   356.000 is      -1.26 +/-     0.53  Time constant is:  0.10000E-03 yrs
 Exponential number     2 at  2004   272.000 is      15.96 +/-     0.52  Time constant is:  0.10000E-03 yrs
  
  
  
  AIC=    13100.5605437339     
  BIC=    13184.8504988730     
  Best fitting solutions
  MLE=   -6537.28027186694     
  white noise=   0.8616768      +/-  5.3285497E-05
  Bandpass filter amplitude=   0.0000000E+00  +/-  0.0000000E+00
  power law noise 1
     amplitude=    1.152837      +/-  7.1291710E-05
     exponent=    1.843098      +/-  2.0515853E-04
     G-M freq=   0.0000000E+00  +/-  0.0000000E+00
  power law noise 2
     amplitude=   9.9999997E-05  +/-  0.0000000E+00
     exponent=    2.000000      +/-  0.0000000E+00
  
  Residuals in resid.out and/or resid_dec.out
  Model covariance and cross correlation in covar.out
  Journal of input parameter in estin.jrn
  History of estimating exp/Omori time constants, if requested in tauexp.out
 Total execution time               86.94 sec
