       1.0000       1.0000       2.0000       0.0000       0.0000       0.0001       2.0000        248.008     3824.215    -6604.102
       0.7000       1.0000       2.0000       0.0000       0.0000       0.0001       2.0000      -1374.377     7473.291    -6806.256
       1.0000       1.9500       2.0000       0.0000       0.0000       0.0001       2.0000        472.317     3496.121    -6664.365
       1.0000       1.0000       2.4000       0.0000       0.0000       0.0001       2.0000        139.836     4019.172    -6593.409
       1.1500       1.4750       2.2000       0.0000       0.0000       0.0001       2.0000        913.473     2907.912    -6811.416
       0.8125       1.1187       2.0500       0.0000       0.0000       0.0001       2.0000       -689.025     5630.972    -6570.448
       0.9062       0.5844       2.2250       0.0000       0.0000       0.0001       2.0000       -359.351     4960.599    -6564.935
       0.8594       0.0984       2.3375       0.0000       0.0000       0.0001       2.0000       -715.037     6656.363    -7057.131
       0.8594       0.8516       2.3375       0.0000       0.0000       0.0001       2.0000       -581.314     5409.162    -6567.254
       0.7891       0.7773       2.1063       0.0000       0.0000       0.0001       2.0000       -935.738     6243.788    -6630.142
       0.9473       0.9443       2.3266       0.0000       0.0000       0.0001       2.0000       -107.103     4444.860    -6559.313
       0.9502       0.6308       2.4195       0.0000       0.0000       0.0001       2.0000       -156.283     4566.181    -6570.794
       0.8469       0.9968       2.1424       0.0000       0.0000       0.0001       2.0000       -566.269     5356.649    -6556.042
       0.9205       0.8370       2.1782       0.0000       0.0000       0.0001       2.0000       -225.381     4661.139    -6549.175
       0.9511       0.8296       2.0986       0.0000       0.0000       0.0001       2.0000        -53.971     4342.221    -6561.126
       0.9042       1.0968       2.2111       0.0000       0.0000       0.0001       2.0000       -265.350     4734.899    -6546.086
       0.9032       1.3531       2.2041       0.0000       0.0000       0.0001       2.0000       -217.485     4647.904    -6550.454
       0.8622       0.9931       2.1026       0.0000       0.0000       0.0001       2.0000       -471.094     5147.488    -6546.637
       0.9200       0.9651       2.1747       0.0000       0.0000       0.0001       2.0000       -200.692     4608.320    -6547.455
       0.8830       1.1090       2.1551       0.0000       0.0000       0.0001       2.0000       -353.703     4907.149    -6543.859
       0.8642       1.2451       2.1435       0.0000       0.0000       0.0001       2.0000       -417.545     5041.409    -6547.146
       0.8647       1.1169       2.1470       0.0000       0.0000       0.0001       2.0000       -445.025     5095.872    -6546.898
       0.8924       1.0410       2.1609       0.0000       0.0000       0.0001       2.0000       -321.693     4842.581    -6543.584
       0.9062       1.0030       2.1678       0.0000       0.0000       0.0001       2.0000       -260.906     4723.166    -6544.664
       0.9087       1.1269       2.2122       0.0000       0.0000       0.0001       2.0000       -237.182     4680.428    -6547.019
       0.8738       1.0265       2.1300       0.0000       0.0000       0.0001       2.0000       -411.218     5023.125    -6544.331
       0.8725       1.0399       2.1174       0.0000       0.0000       0.0001       2.0000       -410.939     5021.712    -6543.904
       0.8870       1.0817       2.1517       0.0000       0.0000       0.0001       2.0000       -337.642     4874.112    -6543.401
       0.8936       1.1092       2.1626       0.0000       0.0000       0.0001       2.0000       -301.466     4802.674    -6543.858
       0.8949       1.0959       2.1751       0.0000       0.0000       0.0001       2.0000       -301.539     4803.601    -6544.248
       0.8781       1.0539       2.1318       0.0000       0.0000       0.0001       2.0000       -383.318     4965.612    -6543.475
       0.8872       1.0338       2.1447       0.0000       0.0000       0.0001       2.0000       -344.513     4887.415    -6543.181
       0.8894       0.9961       2.1395       0.0000       0.0000       0.0001       2.0000       -340.094     4878.475    -6543.130
       0.8810       1.0453       2.1311       0.0000       0.0000       0.0001       2.0000       -369.566     4937.390    -6543.116
       0.8754       1.0475       2.1162       0.0000       0.0000       0.0001       2.0000       -393.478     4985.497    -6543.257
       0.8896       1.0346       2.1452       0.0000       0.0000       0.0001       2.0000       -331.960     4862.147    -6543.101
       0.8954       1.0250       2.1519       0.0000       0.0000       0.0001       2.0000       -306.389     4811.507    -6543.352
       0.8865       0.9972       2.1320       0.0000       0.0000       0.0001       2.0000       -352.136     4902.327    -6543.015
       0.8863       0.9550       2.1222       0.0000       0.0000       0.0001       2.0000       -359.739     4917.972    -6543.234
       0.8839       1.0405       2.1344       0.0000       0.0000       0.0001       2.0000       -356.730     4911.474    -6542.994
       0.8812       1.0627       2.1319       0.0000       0.0000       0.0001       2.0000       -365.009     4928.164    -6543.060
       0.8895       1.0135       2.1403       0.0000       0.0000       0.0001       2.0000       -335.595     4869.276    -6543.029
       0.8852       1.0083       2.1307       0.0000       0.0000       0.0001       2.0000       -356.283     4910.531    -6542.970
       0.8829       0.9952       2.1235       0.0000       0.0000       0.0001       2.0000       -368.546     4935.186    -6543.034
       0.8830       1.0163       2.1284       0.0000       0.0000       0.0001       2.0000       -364.779     4927.585    -6543.000
       0.8828       1.0340       2.1308       0.0000       0.0000       0.0001       2.0000       -362.813     4923.629    -6542.988
       1.0622       1.0083       2.1307       0.0000       0.0000       0.0001       2.0000        487.280     3468.207    -6665.371
       0.8852       1.9662       2.1307       0.0000       0.0000       0.0001       2.0000       -144.496     4536.380    -6567.681
       0.8852       1.0083       1.7307       0.0000       0.0000       0.0001       2.0000       -177.619     4559.634    -6546.185
       0.7966       1.4873       1.9307       0.0000       0.0000       0.0001       2.0000       -600.265     5438.217    -6562.830
       0.8409       0.7689       1.8307       0.0000       0.0000       0.0001       2.0000       -548.557     5330.554    -6560.707
       0.9073       0.6491       1.8807       0.0000       0.0000       0.0001       2.0000       -258.359     4758.986    -6565.121
       0.8243       1.2777       1.9182       0.0000       0.0000       0.0001       2.0000       -508.953     5223.586    -6546.826
       0.8769       1.2628       1.9745       0.0000       0.0000       0.0001       2.0000       -269.272     4730.742    -6540.086
       0.8948       1.5097       2.0464       0.0000       0.0000       0.0001       2.0000       -151.999     4518.088    -6551.032
       0.9114       1.0008       1.9589       0.0000       0.0000       0.0001       2.0000       -160.380     4523.275    -6545.244
       0.8942       1.1318       2.1667       0.0000       0.0000       0.0001       2.0000       -295.073     4790.564    -6544.196
       0.8724       1.2010       2.1565       0.0000       0.0000       0.0001       2.0000       -389.498     4982.626    -6545.802
       0.9017       1.0509       2.0083       0.0000       0.0000       0.0001       2.0000       -216.069     4628.101    -6541.968
       0.8848       1.0951       1.9734       0.0000       0.0000       0.0001       2.0000       -275.175     4740.763    -6539.193
       0.8801       1.0767       1.8768       0.0000       0.0000       0.0001       2.0000       -258.420     4706.581    -6538.857
       0.8867       1.1910       1.8644       0.0000       0.0000       0.0001       2.0000       -181.353     4557.693    -6541.480
       0.8710       1.2398       1.8537       0.0000       0.0000       0.0001       2.0000       -238.593     4666.974    -6538.881
       0.8706       1.1941       1.9203       0.0000       0.0000       0.0001       2.0000       -292.862     4774.073    -6538.161
       0.8626       1.1957       1.9482       0.0000       0.0000       0.0001       2.0000       -348.712     4886.741    -6538.645
       0.8684       1.1247       1.8521       0.0000       0.0000       0.0001       2.0000       -289.408     4766.166    -6537.662
       0.8641       1.0557       1.7909       0.0000       0.0000       0.0001       2.0000       -301.036     4791.439    -6538.671
       0.8700       1.0787       1.9117       0.0000       0.0000       0.0001       2.0000       -327.004     4842.013    -6537.990
       0.8604       1.1612       1.9176       0.0000       0.0000       0.0001       2.0000       -354.180     4896.469    -6538.042
       0.8681       1.0845       1.8666       0.0000       0.0000       0.0001       2.0000       -311.921     4811.395    -6537.763
       0.8731       1.0633       1.8564       0.0000       0.0000       0.0001       2.0000       -288.307     4765.271    -6538.315
       0.8636       1.1367       1.9023       0.0000       0.0000       0.0001       2.0000       -337.372     4862.128    -6537.679
       0.8651       1.1336       1.8547       0.0000       0.0000       0.0001       2.0000       -305.002     4796.879    -6537.424
       0.8626       1.1611       1.8261       0.0000       0.0000       0.0001       2.0000       -291.916     4770.676    -6537.409
       0.8632       1.1691       1.8570       0.0000       0.0000       0.0001       2.0000       -303.965     4794.663    -6537.354
       0.8607       1.2114       1.8522       0.0000       0.0000       0.0001       2.0000       -299.663     4786.213    -6537.431
       0.8653       1.1591       1.8165       0.0000       0.0000       0.0001       2.0000       -272.913     4733.387    -6537.767
       0.8640       1.1423       1.8809       0.0000       0.0000       0.0001       2.0000       -321.920     4830.766    -6537.450
       0.8607       1.1739       1.8559       0.0000       0.0000       0.0001       2.0000       -314.657     4815.898    -6537.279
       0.8569       1.1984       1.8579       0.0000       0.0000       0.0001       2.0000       -327.396     4841.463    -6537.322
       0.8593       1.1931       1.8301       0.0000       0.0000       0.0001       2.0000       -299.889     4786.358    -6537.277
       0.8570       1.2185       1.8047       0.0000       0.0000       0.0001       2.0000       -287.086     4761.036    -6537.419
       0.8584       1.1998       1.8594       0.0000       0.0000       0.0001       2.0000       -319.874     4826.446    -6537.336
       0.8557       1.2111       1.8452       0.0000       0.0000       0.0001       2.0000       -321.576     4829.732    -6537.277
       0.8567       1.2015       1.8368       0.0000       0.0000       0.0001       2.0000       -314.455     4815.371    -6537.217
       0.8559       1.2023       1.8256       0.0000       0.0000       0.0001       2.0000       -311.564     4809.525    -6537.185
       0.8570       1.2041       1.8215       0.0000       0.0000       0.0001       2.0000       -302.606     4791.717    -6537.239
       0.8583       1.1942       1.8160       0.0000       0.0000       0.0001       2.0000       -296.236     4779.073    -6537.287
       0.8563       1.2069       1.8379       0.0000       0.0000       0.0001       2.0000       -315.253     4816.999    -6537.233
       0.8550       1.2101       1.8274       0.0000       0.0000       0.0001       2.0000       -314.786     4815.993    -6537.197
       0.8551       1.2076       1.8347       0.0000       0.0000       0.0001       2.0000       -319.506     4825.455    -6537.208
       0.8548       1.2066       1.8249       0.0000       0.0000       0.0001       2.0000       -315.282     4816.943    -6537.176
       0.8540       1.2064       1.8185       0.0000       0.0000       0.0001       2.0000       -315.241     4816.824    -6537.158
       0.8549       1.2056       1.8184       0.0000       0.0000       0.0001       2.0000       -311.019     4808.413    -6537.175
       0.8549       1.2021       1.8175       0.0000       0.0000       0.0001       2.0000       -311.529     4809.414    -6537.164
       0.8540       1.2059       1.8144       0.0000       0.0000       0.0001       2.0000       -313.086     4812.511    -6537.157
       0.8530       1.2077       1.8088       0.0000       0.0000       0.0001       2.0000       -313.787     4813.898    -6537.148
       0.8536       1.2053       1.8132       0.0000       0.0000       0.0001       2.0000       -314.784     4815.889    -6537.147
       0.8529       1.2051       1.8106       0.0000       0.0000       0.0001       2.0000       -316.659     4819.618    -6537.137
       0.8525       1.2085       1.8101       0.0000       0.0000       0.0001       2.0000       -317.076     4820.457    -6537.139
       0.8522       1.2075       1.8055       0.0000       0.0000       0.0001       2.0000       -316.113     4818.524    -6537.136
       0.8513       1.2080       1.7990       0.0000       0.0000       0.0001       2.0000       -316.484     4819.262    -6537.134
       0.8513       1.2080       1.7990       0.0000       0.0000       0.0001       2.0000       -316.484     4819.262    -6537.134
       0.8428       1.2080       1.7990       0.0000       0.0000       0.0001       2.0000       -360.636     4908.109    -6537.405
       0.8462       1.2080       1.7990       0.0000       0.0000       0.0001       2.0000       -342.927     4872.275    -6537.198
       0.8564       1.2080       1.7990       0.0000       0.0000       0.0001       2.0000       -290.184     4767.118    -6537.361
       0.8513       1.1959       1.7990       0.0000       0.0000       0.0001       2.0000       -320.894     4828.047    -6537.116
       0.8513       1.2201       1.7990       0.0000       0.0000       0.0001       2.0000       -312.078     4810.526    -6537.172
       0.8513       1.2080       1.7091       0.0000       0.0000       0.0001       2.0000       -254.601     4698.898    -6538.835
       0.8513       1.2080       1.7451       0.0000       0.0000       0.0001       2.0000       -280.248     4748.077    -6537.778
       0.8513       1.2080       1.7667       0.0000       0.0000       0.0001       2.0000       -295.056     4776.924    -6537.392
       0.8513       1.2080       1.7796       0.0000       0.0000       0.0001       2.0000       -303.739     4793.997    -6537.246
       0.8513       1.2080       1.7874       0.0000       0.0000       0.0001       2.0000       -308.877     4804.150    -6537.185
       0.8513       1.2080       1.8107       0.0000       0.0000       0.0001       2.0000       -323.973     4834.233    -6537.131
       0.8564       1.2201       1.7990       0.0000       0.0000       0.0001       2.0000       -285.802     4758.510    -6537.440
       0.8462       1.2201       1.7990       0.0000       0.0000       0.0001       2.0000       -338.497     4863.411    -6537.195
       0.8564       1.1959       1.7990       0.0000       0.0000       0.0001       2.0000       -294.571     4775.781    -6537.307
       0.8462       1.1959       1.7990       0.0000       0.0000       0.0001       2.0000       -347.361     4881.190    -6537.221
       0.8564       1.2080       1.8107       0.0000       0.0000       0.0001       2.0000       -297.633     4781.837    -6537.273
       0.8462       1.2080       1.8107       0.0000       0.0000       0.0001       2.0000       -350.457     4887.505    -6537.282
       0.8564       1.2080       1.7874       0.0000       0.0000       0.0001       2.0000       -282.619     4752.262    -6537.499
       0.8462       1.2080       1.7874       0.0000       0.0000       0.0001       2.0000       -335.278     4856.901    -6537.159
       0.8513       1.2201       1.8107       0.0000       0.0000       0.0001       2.0000       -319.635     4825.623    -6537.164
       0.8513       1.1959       1.8107       0.0000       0.0000       0.0001       2.0000       -328.314     4842.893    -6537.119
       0.8513       1.2201       1.7874       0.0000       0.0000       0.0001       2.0000       -304.402     4795.285    -6537.228
       0.8513       1.1959       1.7874       0.0000       0.0000       0.0001       2.0000       -313.356     4813.063    -6537.162
       0.8513       1.2080       1.7990       0.0000       0.0000       0.0001       2.0000       -316.484     4819.262    -6537.134
