  Program estimates the power spectral density (PSD)
   of data.  PSD functions can be a combination of:
   1) white noise
    2) Simple power law noise P/f^n
   3) a Gauss Markov version P/(fa^n + f^2)
       where fa=alpha/2*pi
   4) A second power law
   5) Band-pass filtered noise
  
  While estimating the PSD function, program also estimates
   various parameters that describe the time series including
   1) DC term
   2) rate
   3) sinusoidal amplitudes of specified frequencies
   4) rate changes
   5) offset
   6) simple exponential and log(t) function
   7) user supplied function or data
  
  Program can handle data in various formats
  
  A journal file consisting of typed input
   is created in estin.jrn
 Input the data type for  processing
  otr=data
        format of year, day of year, data, error bar
  otd=data
        format of YearMnDa,  data, error bar
  otx=data
        format of year mo da,  data, error bar
  mjd=data
        Modified Julian day, data, error bar
 For all of the above, the da is double precision
     which allows decimal days to accomodate seconds
  
  gmt=data with GMT format for time
         year-mo-daThr:mn:secs.x data, error bar
  input number of time series
    program will estimate only one set of PSD functions
  input the period of interest
  start and stop times; year day_of_yr year day_of_yr
   "day_of_yr" may be decimal day
  Day numbers from 1960    13516.000000000000        19559.000000000000     
  
  Input the parameters of time series to be estimated
  
  Will rate be estimated? y/n
  rate renomalization is    8.27241611    
  
  Rate changes:
   time is the "hinge point"
  Input the number of rate changes in data
  
  Input the number of periodicities in the data
  Input the period (in days) of            1  period
  Input the period (in days) of            2  period
  
  Offset:  specify first day after offset
  Input the number of offsets
  Offset time           1  year day_of_yr 
   "day_of_yr" may be decimal day
  Offset at    16063.000000000000     
  Offset time           2  year day_of_yr 
   "day_of_yr" may be decimal day
  Offset at    16343.000000000000     
  
  Input the number of exponentials in time series
  Exponential time           1  year day_of_yr 
   "day_of_yr" may be decimal day
  Exponential starting at    16062.000000000000     
  Input the time constant in years and fix/float
  Input the type of function; e for 1-exp(-t/tau)
       or                     m for log10(1.0 + t/tau)
  Exponential time           2  year day_of_yr 
   "day_of_yr" may be decimal day
  Exponential starting at    16343.000000000000     
  Input the time constant in years and fix/float
  Input the type of function; e for 1-exp(-t/tau)
       or                     m for log10(1.0 + t/tau)
  The number of exponential time constants that are fixed:           2
  Input the format style of baseline data (otr, otx, otd, mjd, or gmt)
  Input name of file for baseline number            1
  column of A matrix prior to input pressure data          10
  Number of files of Auxillary data (pressure)
  Number of data read is         4836
  Number of model parameters is           10
  
   prob1.out; time, data, and A matrix  aux data excluded
   prob2.out has stuff in cronological and aux. data 
  
  Average Sampling interval:     1.02337122      days
  Standard deviation of Ave. interval:   0.351829290      days
  Shortest Sampling interval:    1.00000000      days
  Longest Sampling Interval:     20.0000000      days
  
  Input the minimum sampling interval in days to use
  Number of points in time series for analysis is        4949
  
  Input the type Noise model construction
  n or q = noise components are summed as squares
    as in est_noise6.x (Langbein, 2004)
  a = noise component are simple sums
    automatically switches between cholesky decomposition
     or computing inverse using combo of inverse    convoluton and Bos et al (2012) for missing data
  c = noise component simple sums
      forces inversion using cholesky decomposition
  f = noise component simple sums
     forces combo of inverse convolution and     and Bos et al (2012) for missing data
  
  Do you want to substitute real data with random numbers? y/n
  Estimate of white noise component of data is:  0.854192317    
  methods to decimate data
  0 = no decimation
  1 = keep 2, skip 1, keep 2, skip 1
  2 = keep 2, skip 1, keep 1, skip 2, keep 2, skip 1...
  3 = keep 2, skip 1, keep 1, skip 2, keep 1, skip 3, keep 2 skip 1...
  4 or more...make it option 3
 input choice, BUT is noise model is simple sums, then ignore
        4948        4836         113
  Estimated number of missing data is          113
  Estimated percenta of data gaps is   2.28375101    
  Eigenvalues            1   2.5821012803648014                2   9.9603987431188763                3   178.31346979153443                4   1410.5284152773365                5   2144.1007843852954                6   2376.4873774371449                7   2448.4748769918360                8   2491.3759004415765                9   2547.5118156425478               10   151796.96717546959     
  Using           10  out of          10  eigenvalues
  RMS fit using white noise model is   1.51703739    
  Log MLE for white noise error model is   -8872.43555    
  
 Nomimal value for baseline   1     87.41 +/-       0.07
 Rate in units per year         -12.4225 +/-           0.0140
 Period of  365.250 days,  cos amp=         0.57 +/-      0.02  sin amp=        -0.78 +/-      0.02  magnitude=         0.96 +/-      0.02
 Period of  182.625 days,  cos amp=        -0.06 +/-      0.02  sin amp=        -0.13 +/-      0.02  magnitude=         0.14 +/-      0.02
 Offset number     1 at  2003   357.000 is       5.11 +/-     0.56
 Offset number     2 at  2004   272.000 is     -10.79 +/-     0.35
 Exponential number     1 at  2003   356.000 is      -3.42 +/-     0.16  Time constant is:  0.10000E-03 yrs
 Exponential number     2 at  2004   272.000 is      19.10 +/-     0.11  Time constant is:  0.10000E-03 yrs
  Number of missing data are         113
  percentage of data gaps   2.28328943    
  sampling interval in yrs    2.7378507871321013E-003
  
   Input the initial parameters of the PSD and whether   the item is "fix" or "float"
    if "fix", then the item is not estimated
    if "float", then the item is estimated
  
  Input the white noise "instrument precision" and fix/float
   Suggested input is   0.854192317      enter -99999.0 to use suggested value
  Input the amplitude first Power law function and fix/float
  To use default value, enter -99999.0
  Input the exponent 1 < n < 3 and fix/float
  Input the time constant alpha in c/yr and fix/float
  
  Input the parameters for band-passed filtered noise
  Input low and high freq stop band in c/yr
  low frequency stop band is   0.500000000      c/yr
  high frequency stop band is    2.00000000      c/yr
  number of poles between 1 and 4
  Input the amplitude and fix/float
  Input the exponent of second Power Law function fix/float
  Input the amplitude of second PL function fix/float
  
  Sometimes, it may be necessary to add white noise to data so
  that a better estimate of long period PSD parameters can be made.
 This is especially true for data that is predominantly power noise
  Enter value of white noise to be added (nominal it should be 0)
  Calculating power law covariance for second set
  Number of loops for downhill simplex           2
  ModType f  calling funmin
  
  list of trial covariance parameters
    white noise     PL_1 amp     PL_1 exp      GM freq       BP amp      PL_2 amp      PL_2 exp  determinant  chi^2        MLE           cpu 
       1.0000       1.0000       2.0000       0.0000       0.0000       0.0001       2.0000        248.008     3824.215    -6604.102        0.938
 tau=   0.10E-03   tau=   0.10E-03   tau= 
       0.7000       1.0000       2.0000       0.0000       0.0000       0.0001       2.0000      -1374.377     7473.291    -6806.256        0.898
 tau=   0.10E-03   tau=   0.10E-03   tau= 
       1.0000       1.9500       2.0000       0.0000       0.0000       0.0001       2.0000        472.317     3496.121    -6664.365        0.865
 tau=   0.10E-03   tau=   0.10E-03   tau= 
       1.0000       1.0000       2.4000       0.0000       0.0000       0.0001       2.0000        139.836     4019.172    -6593.409        0.881
 tau=   0.10E-03   tau=   0.10E-03   tau= 
  Initial solutions for Amoeba
    6604.102     1.00   1.00   2.00   0.00   0.00   0.00   2.00
    6806.256     0.70   1.00   2.00   0.00   0.00   0.00   2.00
    6664.365     1.00   1.95   2.00   0.00   0.00   0.00   2.00
    6593.409     1.00   1.00   2.40   0.00   0.00   0.00   2.00
  Tolerance of mle    9.99999997E-07
       1.1500       1.4750       2.2000       0.0000       0.0000       0.0001       2.0000        913.473     2907.912    -6811.416        0.865
 tau=   0.10E-03   tau=   0.10E-03   tau= 
       0.8125       1.1187       2.0500       0.0000       0.0000       0.0001       2.0000       -689.025     5630.972    -6570.448        0.867
 tau=   0.10E-03   tau=   0.10E-03   tau= 
       0.9062       0.5844       2.2250       0.0000       0.0000       0.0001       2.0000       -359.351     4960.599    -6564.935        0.875
 tau=   0.10E-03   tau=   0.10E-03   tau= 
       0.8594       0.0984       2.3375       0.0000       0.0000       0.0001       2.0000       -715.037     6656.363    -7057.131        0.871
 tau=   0.10E-03   tau=   0.10E-03   tau= 
       0.8594       0.8516       2.3375       0.0000       0.0000       0.0001       2.0000       -581.314     5409.162    -6567.254        0.885
 tau=   0.10E-03   tau=   0.10E-03   tau= 
       0.7891       0.7773       2.1063       0.0000       0.0000       0.0001       2.0000       -935.738     6243.788    -6630.142        0.873
 tau=   0.10E-03   tau=   0.10E-03   tau= 
       0.9473       0.9443       2.3266       0.0000       0.0000       0.0001       2.0000       -107.103     4444.860    -6559.313        0.863
 tau=   0.10E-03   tau=   0.10E-03   tau= 
       0.9502       0.6308       2.4195       0.0000       0.0000       0.0001       2.0000       -156.283     4566.181    -6570.794        0.875
 tau=   0.10E-03   tau=   0.10E-03   tau= 
       0.8469       0.9968       2.1424       0.0000       0.0000       0.0001       2.0000       -566.269     5356.649    -6556.042        0.869
 tau=   0.10E-03   tau=   0.10E-03   tau= 
       0.9205       0.8370       2.1782       0.0000       0.0000       0.0001       2.0000       -225.381     4661.139    -6549.175        0.861
 tau=   0.10E-03   tau=   0.10E-03   tau= 
       0.9511       0.8296       2.0986       0.0000       0.0000       0.0001       2.0000        -53.971     4342.221    -6561.126        0.822
 tau=   0.10E-03   tau=   0.10E-03   tau= 
       0.9042       1.0968       2.2111       0.0000       0.0000       0.0001       2.0000       -265.350     4734.899    -6546.086        0.846
 tau=   0.10E-03   tau=   0.10E-03   tau= 
       0.9032       1.3531       2.2041       0.0000       0.0000       0.0001       2.0000       -217.485     4647.904    -6550.454        0.873
 tau=   0.10E-03   tau=   0.10E-03   tau= 
       0.8622       0.9931       2.1026       0.0000       0.0000       0.0001       2.0000       -471.094     5147.488    -6546.637        0.861
 tau=   0.10E-03   tau=   0.10E-03   tau= 
       0.9200       0.9651       2.1747       0.0000       0.0000       0.0001       2.0000       -200.692     4608.320    -6547.455        0.859
 tau=   0.10E-03   tau=   0.10E-03   tau= 
       0.8830       1.1090       2.1551       0.0000       0.0000       0.0001       2.0000       -353.703     4907.149    -6543.859        0.814
 tau=   0.10E-03   tau=   0.10E-03   tau= 
       0.8642       1.2451       2.1435       0.0000       0.0000       0.0001       2.0000       -417.545     5041.409    -6547.146        0.861
 tau=   0.10E-03   tau=   0.10E-03   tau= 
       0.8647       1.1169       2.1470       0.0000       0.0000       0.0001       2.0000       -445.025     5095.872    -6546.898        0.877
 tau=   0.10E-03   tau=   0.10E-03   tau= 
       0.8924       1.0410       2.1609       0.0000       0.0000       0.0001       2.0000       -321.693     4842.581    -6543.584        0.873
 tau=   0.10E-03   tau=   0.10E-03   tau= 
       0.9062       1.0030       2.1678       0.0000       0.0000       0.0001       2.0000       -260.906     4723.166    -6544.664        0.879
 tau=   0.10E-03   tau=   0.10E-03   tau= 
       0.9087       1.1269       2.2122       0.0000       0.0000       0.0001       2.0000       -237.182     4680.428    -6547.019        0.902
 tau=   0.10E-03   tau=   0.10E-03   tau= 
       0.8738       1.0265       2.1300       0.0000       0.0000       0.0001       2.0000       -411.218     5023.125    -6544.331        0.887
 tau=   0.10E-03   tau=   0.10E-03   tau= 
       0.8725       1.0399       2.1174       0.0000       0.0000       0.0001       2.0000       -410.939     5021.712    -6543.904        0.842
 tau=   0.10E-03   tau=   0.10E-03   tau= 
       0.8870       1.0817       2.1517       0.0000       0.0000       0.0001       2.0000       -337.642     4874.112    -6543.401        0.848
 tau=   0.10E-03   tau=   0.10E-03   tau= 
       0.8936       1.1092       2.1626       0.0000       0.0000       0.0001       2.0000       -301.466     4802.674    -6543.858        0.875
 tau=   0.10E-03   tau=   0.10E-03   tau= 
       0.8949       1.0959       2.1751       0.0000       0.0000       0.0001       2.0000       -301.539     4803.601    -6544.248        0.865
 tau=   0.10E-03   tau=   0.10E-03   tau= 
       0.8781       1.0539       2.1318       0.0000       0.0000       0.0001       2.0000       -383.318     4965.612    -6543.475        0.836
 tau=   0.10E-03   tau=   0.10E-03   tau= 
       0.8872       1.0338       2.1447       0.0000       0.0000       0.0001       2.0000       -344.513     4887.415    -6543.181        0.854
 tau=   0.10E-03   tau=   0.10E-03   tau= 
       0.8894       0.9961       2.1395       0.0000       0.0000       0.0001       2.0000       -340.094     4878.475    -6543.130        0.869
 tau=   0.10E-03   tau=   0.10E-03   tau= 
       0.8810       1.0453       2.1311       0.0000       0.0000       0.0001       2.0000       -369.566     4937.390    -6543.116        0.873
 tau=   0.10E-03   tau=   0.10E-03   tau= 
       0.8754       1.0475       2.1162       0.0000       0.0000       0.0001       2.0000       -393.478     4985.497    -6543.257        0.877
 tau=   0.10E-03   tau=   0.10E-03   tau= 
       0.8896       1.0346       2.1452       0.0000       0.0000       0.0001       2.0000       -331.960     4862.147    -6543.101        0.883
 tau=   0.10E-03   tau=   0.10E-03   tau= 
       0.8954       1.0250       2.1519       0.0000       0.0000       0.0001       2.0000       -306.389     4811.507    -6543.352        0.879
 tau=   0.10E-03   tau=   0.10E-03   tau= 
       0.8865       0.9972       2.1320       0.0000       0.0000       0.0001       2.0000       -352.136     4902.327    -6543.015        0.854
 tau=   0.10E-03   tau=   0.10E-03   tau= 
       0.8863       0.9550       2.1222       0.0000       0.0000       0.0001       2.0000       -359.739     4917.972    -6543.234        0.871
 tau=   0.10E-03   tau=   0.10E-03   tau= 
       0.8839       1.0405       2.1344       0.0000       0.0000       0.0001       2.0000       -356.730     4911.474    -6542.994        0.861
 tau=   0.10E-03   tau=   0.10E-03   tau= 
       0.8812       1.0627       2.1319       0.0000       0.0000       0.0001       2.0000       -365.009     4928.164    -6543.060        0.863
 tau=   0.10E-03   tau=   0.10E-03   tau= 
       0.8895       1.0135       2.1403       0.0000       0.0000       0.0001       2.0000       -335.595     4869.276    -6543.029        0.822
 tau=   0.10E-03   tau=   0.10E-03   tau= 
       0.8852       1.0083       2.1307       0.0000       0.0000       0.0001       2.0000       -356.283     4910.531    -6542.970        0.873
 tau=   0.10E-03   tau=   0.10E-03   tau= 
       0.8829       0.9952       2.1235       0.0000       0.0000       0.0001       2.0000       -368.546     4935.186    -6543.034        0.875
 tau=   0.10E-03   tau=   0.10E-03   tau= 
       0.8830       1.0163       2.1284       0.0000       0.0000       0.0001       2.0000       -364.779     4927.585    -6543.000        0.889
 tau=   0.10E-03   tau=   0.10E-03   tau= 
       0.8828       1.0340       2.1308       0.0000       0.0000       0.0001       2.0000       -362.813     4923.629    -6542.988        0.887
 tau=   0.10E-03   tau=   0.10E-03   tau= 
  
  Best fitting solutions
  MLE=   -6542.9695818960317     
  white noise=   0.885163128    
  Bandpass filter amplitude=    0.00000000    
  power law noise 1
     amplitude=    1.00832832    
     exponent=    2.13074207    
     G-M freq=    0.00000000    
  power law noise 2
     amplitude=    9.99999975E-05
     exponent=    2.00000000    
  
       1.0622       1.0083       2.1307       0.0000       0.0000       0.0001       2.0000        487.280     3468.207    -6665.371        0.854
 tau=   0.10E-03   tau=   0.10E-03   tau= 
       0.8852       1.9662       2.1307       0.0000       0.0000       0.0001       2.0000       -144.496     4536.380    -6567.681        0.871
 tau=   0.10E-03   tau=   0.10E-03   tau= 
       0.8852       1.0083       1.7307       0.0000       0.0000       0.0001       2.0000       -177.619     4559.634    -6546.185        0.885
 tau=   0.10E-03   tau=   0.10E-03   tau= 
  Initial solutions for Amoeba
    6542.970     0.89   1.01   2.13   0.00   0.00   0.00   2.00
    6665.371     1.06   1.01   2.13   0.00   0.00   0.00   2.00
    6567.681     0.89   1.97   2.13   0.00   0.00   0.00   2.00
    6546.185     0.89   1.01   1.73   0.00   0.00   0.00   2.00
  Tolerance of mle    4.99999999E-07
       0.7966       1.4873       1.9307       0.0000       0.0000       0.0001       2.0000       -600.265     5438.217    -6562.830        0.891
 tau=   0.10E-03   tau=   0.10E-03   tau= 
       0.8409       0.7689       1.8307       0.0000       0.0000       0.0001       2.0000       -548.557     5330.554    -6560.707        0.887
 tau=   0.10E-03   tau=   0.10E-03   tau= 
       0.9073       0.6491       1.8807       0.0000       0.0000       0.0001       2.0000       -258.359     4758.986    -6565.121        0.863
 tau=   0.10E-03   tau=   0.10E-03   tau= 
       0.8243       1.2777       1.9182       0.0000       0.0000       0.0001       2.0000       -508.953     5223.586    -6546.826        0.869
 tau=   0.10E-03   tau=   0.10E-03   tau= 
       0.8769       1.2628       1.9745       0.0000       0.0000       0.0001       2.0000       -269.272     4730.742    -6540.086        0.898
 tau=   0.10E-03   tau=   0.10E-03   tau= 
       0.8948       1.5097       2.0464       0.0000       0.0000       0.0001       2.0000       -151.999     4518.088    -6551.032        0.873
 tau=   0.10E-03   tau=   0.10E-03   tau= 
       0.9114       1.0008       1.9589       0.0000       0.0000       0.0001       2.0000       -160.380     4523.275    -6545.244        0.883
 tau=   0.10E-03   tau=   0.10E-03   tau= 
       0.8942       1.1318       2.1667       0.0000       0.0000       0.0001       2.0000       -295.073     4790.564    -6544.196        0.873
 tau=   0.10E-03   tau=   0.10E-03   tau= 
       0.8724       1.2010       2.1565       0.0000       0.0000       0.0001       2.0000       -389.498     4982.626    -6545.802        0.891
 tau=   0.10E-03   tau=   0.10E-03   tau= 
       0.9017       1.0509       2.0083       0.0000       0.0000       0.0001       2.0000       -216.069     4628.101    -6541.968        0.865
 tau=   0.10E-03   tau=   0.10E-03   tau= 
       0.8848       1.0951       1.9734       0.0000       0.0000       0.0001       2.0000       -275.175     4740.763    -6539.193        0.889
 tau=   0.10E-03   tau=   0.10E-03   tau= 
       0.8801       1.0767       1.8768       0.0000       0.0000       0.0001       2.0000       -258.420     4706.581    -6538.857        0.863
 tau=   0.10E-03   tau=   0.10E-03   tau= 
       0.8867       1.1910       1.8644       0.0000       0.0000       0.0001       2.0000       -181.353     4557.693    -6541.480        0.881
 tau=   0.10E-03   tau=   0.10E-03   tau= 
       0.8710       1.2398       1.8537       0.0000       0.0000       0.0001       2.0000       -238.593     4666.974    -6538.881        0.877
 tau=   0.10E-03   tau=   0.10E-03   tau= 
       0.8706       1.1941       1.9203       0.0000       0.0000       0.0001       2.0000       -292.862     4774.073    -6538.161        0.871
 tau=   0.10E-03   tau=   0.10E-03   tau= 
       0.8626       1.1957       1.9482       0.0000       0.0000       0.0001       2.0000       -348.712     4886.741    -6538.645        0.877
 tau=   0.10E-03   tau=   0.10E-03   tau= 
       0.8684       1.1247       1.8521       0.0000       0.0000       0.0001       2.0000       -289.408     4766.166    -6537.662        0.883
 tau=   0.10E-03   tau=   0.10E-03   tau= 
       0.8641       1.0557       1.7909       0.0000       0.0000       0.0001       2.0000       -301.036     4791.439    -6538.671        0.900
 tau=   0.10E-03   tau=   0.10E-03   tau= 
       0.8700       1.0787       1.9117       0.0000       0.0000       0.0001       2.0000       -327.004     4842.013    -6537.990        0.885
 tau=   0.10E-03   tau=   0.10E-03   tau= 
       0.8604       1.1612       1.9176       0.0000       0.0000       0.0001       2.0000       -354.180     4896.469    -6538.042        0.863
 tau=   0.10E-03   tau=   0.10E-03   tau= 
       0.8681       1.0845       1.8666       0.0000       0.0000       0.0001       2.0000       -311.921     4811.395    -6537.763        0.861
 tau=   0.10E-03   tau=   0.10E-03   tau= 
       0.8731       1.0633       1.8564       0.0000       0.0000       0.0001       2.0000       -288.307     4765.271    -6538.315        0.871
 tau=   0.10E-03   tau=   0.10E-03   tau= 
       0.8636       1.1367       1.9023       0.0000       0.0000       0.0001       2.0000       -337.372     4862.128    -6537.679        0.873
 tau=   0.10E-03   tau=   0.10E-03   tau= 
       0.8651       1.1336       1.8547       0.0000       0.0000       0.0001       2.0000       -305.002     4796.879    -6537.424        0.877
 tau=   0.10E-03   tau=   0.10E-03   tau= 
       0.8626       1.1611       1.8261       0.0000       0.0000       0.0001       2.0000       -291.916     4770.676    -6537.409        0.861
 tau=   0.10E-03   tau=   0.10E-03   tau= 
       0.8632       1.1691       1.8570       0.0000       0.0000       0.0001       2.0000       -303.965     4794.663    -6537.354        0.842
 tau=   0.10E-03   tau=   0.10E-03   tau= 
       0.8607       1.2114       1.8522       0.0000       0.0000       0.0001       2.0000       -299.663     4786.213    -6537.431        0.859
 tau=   0.10E-03   tau=   0.10E-03   tau= 
       0.8653       1.1591       1.8165       0.0000       0.0000       0.0001       2.0000       -272.913     4733.387    -6537.767        0.883
 tau=   0.10E-03   tau=   0.10E-03   tau= 
       0.8640       1.1423       1.8809       0.0000       0.0000       0.0001       2.0000       -321.920     4830.766    -6537.450        0.879
 tau=   0.10E-03   tau=   0.10E-03   tau= 
       0.8607       1.1739       1.8559       0.0000       0.0000       0.0001       2.0000       -314.657     4815.898    -6537.279        0.869
 tau=   0.10E-03   tau=   0.10E-03   tau= 
       0.8569       1.1984       1.8579       0.0000       0.0000       0.0001       2.0000       -327.396     4841.463    -6537.322        0.879
 tau=   0.10E-03   tau=   0.10E-03   tau= 
       0.8593       1.1931       1.8301       0.0000       0.0000       0.0001       2.0000       -299.889     4786.358    -6537.277        0.873
 tau=   0.10E-03   tau=   0.10E-03   tau= 
       0.8570       1.2185       1.8047       0.0000       0.0000       0.0001       2.0000       -287.086     4761.036    -6537.419        0.895
 tau=   0.10E-03   tau=   0.10E-03   tau= 
       0.8584       1.1998       1.8594       0.0000       0.0000       0.0001       2.0000       -319.874     4826.446    -6537.336        0.875
 tau=   0.10E-03   tau=   0.10E-03   tau= 
       0.8557       1.2111       1.8452       0.0000       0.0000       0.0001       2.0000       -321.576     4829.732    -6537.277        0.879
 tau=   0.10E-03   tau=   0.10E-03   tau= 
       0.8567       1.2015       1.8368       0.0000       0.0000       0.0001       2.0000       -314.455     4815.371    -6537.217        0.867
 tau=   0.10E-03   tau=   0.10E-03   tau= 
       0.8559       1.2023       1.8256       0.0000       0.0000       0.0001       2.0000       -311.564     4809.525    -6537.185        0.875
 tau=   0.10E-03   tau=   0.10E-03   tau= 
       0.8570       1.2041       1.8215       0.0000       0.0000       0.0001       2.0000       -302.606     4791.717    -6537.239        0.875
 tau=   0.10E-03   tau=   0.10E-03   tau= 
       0.8583       1.1942       1.8160       0.0000       0.0000       0.0001       2.0000       -296.236     4779.073    -6537.287        0.877
 tau=   0.10E-03   tau=   0.10E-03   tau= 
       0.8563       1.2069       1.8379       0.0000       0.0000       0.0001       2.0000       -315.253     4816.999    -6537.233        0.867
 tau=   0.10E-03   tau=   0.10E-03   tau= 
       0.8550       1.2101       1.8274       0.0000       0.0000       0.0001       2.0000       -314.786     4815.993    -6537.197        0.883
 tau=   0.10E-03   tau=   0.10E-03   tau= 
       0.8551       1.2076       1.8347       0.0000       0.0000       0.0001       2.0000       -319.506     4825.455    -6537.208        0.891
 tau=   0.10E-03   tau=   0.10E-03   tau= 
       0.8548       1.2066       1.8249       0.0000       0.0000       0.0001       2.0000       -315.282     4816.943    -6537.176        0.896
 tau=   0.10E-03   tau=   0.10E-03   tau= 
       0.8540       1.2064       1.8185       0.0000       0.0000       0.0001       2.0000       -315.241     4816.824    -6537.158        0.859
 tau=   0.10E-03   tau=   0.10E-03   tau= 
       0.8549       1.2056       1.8184       0.0000       0.0000       0.0001       2.0000       -311.019     4808.413    -6537.175        0.855
 tau=   0.10E-03   tau=   0.10E-03   tau= 
       0.8549       1.2021       1.8175       0.0000       0.0000       0.0001       2.0000       -311.529     4809.414    -6537.164        0.861
 tau=   0.10E-03   tau=   0.10E-03   tau= 
       0.8540       1.2059       1.8144       0.0000       0.0000       0.0001       2.0000       -313.086     4812.511    -6537.157        0.852
 tau=   0.10E-03   tau=   0.10E-03   tau= 
       0.8530       1.2077       1.8088       0.0000       0.0000       0.0001       2.0000       -313.787     4813.898    -6537.148        0.834
 tau=   0.10E-03   tau=   0.10E-03   tau= 
       0.8536       1.2053       1.8132       0.0000       0.0000       0.0001       2.0000       -314.784     4815.889    -6537.147        0.867
 tau=   0.10E-03   tau=   0.10E-03   tau= 
       0.8529       1.2051       1.8106       0.0000       0.0000       0.0001       2.0000       -316.659     4819.618    -6537.137        0.865
 tau=   0.10E-03   tau=   0.10E-03   tau= 
       0.8525       1.2085       1.8101       0.0000       0.0000       0.0001       2.0000       -317.076     4820.457    -6537.139        0.869
 tau=   0.10E-03   tau=   0.10E-03   tau= 
       0.8522       1.2075       1.8055       0.0000       0.0000       0.0001       2.0000       -316.113     4818.524    -6537.136        0.865
 tau=   0.10E-03   tau=   0.10E-03   tau= 
       0.8513       1.2080       1.7990       0.0000       0.0000       0.0001       2.0000       -316.484     4819.262    -6537.134        0.869
 tau=   0.10E-03   tau=   0.10E-03   tau= 
  
  Best fitting solutions
  MLE=   -6537.1338088107850     
  white noise=   0.851283908    
  Bandpass filter amplitude=    0.00000000    
  power law noise 1
     amplitude=    1.20802128    
     exponent=    1.79904485    
     G-M freq=    0.00000000    
  power law noise 2
     amplitude=    9.99999975E-05
     exponent=    2.00000000    
  
       0.8513       1.2080       1.7990       0.0000       0.0000       0.0001       2.0000       -316.484     4819.262    -6537.134        0.873
 tau=   0.10E-03   tau=   0.10E-03   tau= 
  Start the covariance calculations for noise model
  best estimate  0.851283908       dither   9.99999978E-03
  best estimate   1.20802128       dither   9.99999978E-03
  best estimate   1.79904485       dither   5.00000007E-02
  best estimate   0.00000000       dither   5.00000007E-02
  best estimate   0.00000000       dither   5.00000007E-02
  best estimate   9.99999975E-05   dither   5.00000007E-02
  best estimate   2.00000000       dither  0.100000001    
       0.8428       1.2080       1.7990       0.0000       0.0000       0.0001       2.0000       -360.636     4908.109    -6537.405        0.889
 tau=   0.10E-03   tau=   0.10E-03   tau= 
  Dither changed to    6.00000005E-03
       0.8462       1.2080       1.7990       0.0000       0.0000       0.0001       2.0000       -342.927     4872.275    -6537.198        0.879
 tau=   0.10E-03   tau=   0.10E-03   tau= 
       0.8564       1.2080       1.7990       0.0000       0.0000       0.0001       2.0000       -290.184     4767.118    -6537.361        0.883
 tau=   0.10E-03   tau=   0.10E-03   tau= 
       0.8513       1.1959       1.7990       0.0000       0.0000       0.0001       2.0000       -320.894     4828.047    -6537.116        0.887
 tau=   0.10E-03   tau=   0.10E-03   tau= 
       0.8513       1.2201       1.7990       0.0000       0.0000       0.0001       2.0000       -312.078     4810.526    -6537.172        0.900
 tau=   0.10E-03   tau=   0.10E-03   tau= 
       0.8513       1.2080       1.7091       0.0000       0.0000       0.0001       2.0000       -254.601     4698.898    -6538.835        0.852
 tau=   0.10E-03   tau=   0.10E-03   tau= 
  Dither changed to    3.00000012E-02
       0.8513       1.2080       1.7451       0.0000       0.0000       0.0001       2.0000       -280.248     4748.077    -6537.778        0.873
 tau=   0.10E-03   tau=   0.10E-03   tau= 
  Dither changed to    1.80000011E-02
       0.8513       1.2080       1.7667       0.0000       0.0000       0.0001       2.0000       -295.056     4776.924    -6537.392        0.869
 tau=   0.10E-03   tau=   0.10E-03   tau= 
  Dither changed to    1.08000012E-02
       0.8513       1.2080       1.7796       0.0000       0.0000       0.0001       2.0000       -303.739     4793.997    -6537.246        0.863
 tau=   0.10E-03   tau=   0.10E-03   tau= 
  Dither changed to    6.48000091E-03
       0.8513       1.2080       1.7874       0.0000       0.0000       0.0001       2.0000       -308.877     4804.150    -6537.185        0.883
 tau=   0.10E-03   tau=   0.10E-03   tau= 
       0.8513       1.2080       1.8107       0.0000       0.0000       0.0001       2.0000       -323.973     4834.233    -6537.131        0.855
 tau=   0.10E-03   tau=   0.10E-03   tau= 
       0.8564       1.2201       1.7990       0.0000       0.0000       0.0001       2.0000       -285.802     4758.510    -6537.440        0.826
 tau=   0.10E-03   tau=   0.10E-03   tau= 
       0.8462       1.2201       1.7990       0.0000       0.0000       0.0001       2.0000       -338.497     4863.411    -6537.195        0.873
 tau=   0.10E-03   tau=   0.10E-03   tau= 
       0.8564       1.1959       1.7990       0.0000       0.0000       0.0001       2.0000       -294.571     4775.781    -6537.307        0.857
 tau=   0.10E-03   tau=   0.10E-03   tau= 
       0.8462       1.1959       1.7990       0.0000       0.0000       0.0001       2.0000       -347.361     4881.190    -6537.221        0.834
 tau=   0.10E-03   tau=   0.10E-03   tau= 
       0.8564       1.2080       1.8107       0.0000       0.0000       0.0001       2.0000       -297.633     4781.837    -6537.273        0.848
 tau=   0.10E-03   tau=   0.10E-03   tau= 
       0.8462       1.2080       1.8107       0.0000       0.0000       0.0001       2.0000       -350.457     4887.505    -6537.282        0.865
 tau=   0.10E-03   tau=   0.10E-03   tau= 
       0.8564       1.2080       1.7874       0.0000       0.0000       0.0001       2.0000       -282.619     4752.262    -6537.499        0.855
 tau=   0.10E-03   tau=   0.10E-03   tau= 
       0.8462       1.2080       1.7874       0.0000       0.0000       0.0001       2.0000       -335.278     4856.901    -6537.159        0.875
 tau=   0.10E-03   tau=   0.10E-03   tau= 
       0.8513       1.2201       1.8107       0.0000       0.0000       0.0001       2.0000       -319.635     4825.623    -6537.164        0.869
 tau=   0.10E-03   tau=   0.10E-03   tau= 
       0.8513       1.1959       1.8107       0.0000       0.0000       0.0001       2.0000       -328.314     4842.893    -6537.119        0.887
 tau=   0.10E-03   tau=   0.10E-03   tau= 
       0.8513       1.2201       1.7874       0.0000       0.0000       0.0001       2.0000       -304.402     4795.285    -6537.228        0.873
 tau=   0.10E-03   tau=   0.10E-03   tau= 
       0.8513       1.1959       1.7874       0.0000       0.0000       0.0001       2.0000       -313.356     4813.063    -6537.162        0.877
 tau=   0.10E-03   tau=   0.10E-03   tau= 
  
  Inverse covariance matrix
           1 acov=    1.00230720E+09   640.965637       1466.14417       4.59163468E-41   2.46370796E+12   0.00000000      -1.70640475E-28
           2 acov=    640.965637       179183744.       36.4166908       2.11699336E+13   0.00000000      -1.26975051E-26   4.59163468E-41
           3 acov=    1466.14417       36.4166908       192403952.       0.00000000      -6.37482812E-31   4.59163468E-41  -1.70667823E-28
           4 acov=    4.59163468E-41   3.76419412E+12   0.00000000      -4.20462862E-28   4.59163468E-41  -1.26983926E-26   4.59163468E-41
           5 acov=    2.46375802E+12   0.00000000      -4.81106328E-34   4.59163468E-41  -6.37540740E-31   4.59163468E-41   2.11699316E+13
           6 acov=    0.00000000      -3.61497051E-31   4.59163468E-41  -4.20514477E-28   4.59163468E-41   8.20026173E+12   0.00000000    
           7 acov=   -4.57972599E-34   4.59163468E-41  -4.81122858E-34   4.59163468E-41   3.18199041E+15   0.00000000      -6.46992091E-34
  The eigenvalues    179183728.       192403968.       1.00230720E+09
  ier=           0
  
  the covariance matrix
           1  cov=    9.97698146E-10  -3.56890514E-15  -7.48048677E-15   4.59163468E-41  -3.51857771E-28   4.59163468E-41   2.46373863E+12
           2  cov=   -3.56890514E-15   5.58086377E-09  -1.37138022E-15  -4.96403147E-29   4.59163468E-41   2.46373836E+12   0.00000000    
           3  cov=   -7.48048677E-15  -1.37138022E-15   5.19739807E-09   4.59163468E-41   2.46370560E+12   0.00000000      -6.95260710E-32
           4  cov=    4.59163468E-41  -4.31329285E-34   4.59163468E-41   2.46370429E+12   0.00000000      -2.24746472E-27   4.59163468E-41
           5  cov=   -2.03699817E-31   4.59163468E-41   3.25724364E+13   0.00000000      -4.19279571E-28   4.59163468E-41  -6.95342524E-32
           6  cov=    4.59163468E-41   1.36678369E+13   0.00000000      -3.51831964E-28   4.59163468E-41  -2.24765577E-27   4.59163468E-41
           7  cov=    1.45360253E+13   0.00000000      -4.96366073E-29   4.59163468E-41  -4.19335038E-28   4.59163468E-41   2.46374701E+12
  
  Cross correlation matrix
           1  cross correlation    1.00000000      -1.51246286E-06  -3.28501437E-06   4.59163468E-41   2.46370796E+12   0.00000000      -1.70640475E-28
           2  cross correlation   -1.51246286E-06   1.00000000      -2.54632681E-07   2.11699336E+13   0.00000000      -1.26975051E-26   4.59163468E-41
           3  cross correlation   -3.28501437E-06  -2.54632681E-07   1.00000000       0.00000000      -6.37482812E-31   4.59163468E-41  -1.70667823E-28
           4  cross correlation    4.59163468E-41   3.76419412E+12   0.00000000      -4.20462862E-28   4.59163468E-41  -1.26983926E-26   4.59163468E-41
           5  cross correlation    2.46375802E+12   0.00000000      -4.81106328E-34   4.59163468E-41  -6.37540740E-31   4.59163468E-41   2.11699316E+13
           6  cross correlation    0.00000000      -3.61497051E-31   4.59163468E-41  -4.20514477E-28   4.59163468E-41   8.20026173E+12   0.00000000    
           7  cross correlation   -4.57972599E-34   4.59163468E-41  -4.81122858E-34   4.59163468E-41   3.18199041E+15   0.00000000      -6.46992091E-34
 MLE best is    6537.1338088107850     
  
  
  row number for optimal solution is         103
  nmod=          10
        82.397 +/-      0.000    -96.832 +/-      0.000      0.634 +/-      0.000     -0.582 +/-      0.000     -0.001 +/-      0.000     -0.062 +/-      0.000     -5.828 +/-      0.000     -2.605 +/-      0.000     -1.224 +/-      0.000     16.006 +/-      0.000
   82.3966751       0.00000000      -96.8320999       0.00000000      0.633690119       0.00000000     -0.581829786       0.00000000      -7.09701213E-04   0.00000000      -6.22315034E-02   0.00000000      -5.82777596       0.00000000      -2.60543442       0.00000000      -1.22399950       0.00000000       16.0061455       0.00000000    
  Eigenvalues            1  0.19970089963628096                2  0.36862993866201355                3  0.67302658462278808                4   9.7935021404795002                5   57.530729884756930                6   70.434030956561628                7   197.72505815554896                8   207.55174120190867                9   563.28324609183471               10   572.59862249915648     
  Using           10  out of          10  eigenvalues
       0.8513       1.2080       1.7990       0.0000       0.0000       0.0001       2.0000       -316.484     4819.262    -6537.134        0.867
 tau=   0.10E-03   tau=   0.10E-03   tau= 

  number of rows is         105
   82.3966751      0.811332583      -96.8320999       1.94402754      0.633690119       7.22030699E-02 -0.581829786       7.25025907E-02  -7.09701213E-04   4.24076505E-02  -6.22315034E-02   4.26285677E-02  -5.82777596       1.49560273      -2.60543442       1.44997036      -1.22399950      0.535408139       16.0061455      0.525028288    
  Update A_orig matrix
 ic=        4836
  
  Residualdata in resid.out
  col 1 & 2, time; 3 is residual, 4 is calculated, 5 is data
  
  
  
 Nomimal value for baseline   1     82.40 +/-       0.81
 Rate in units per year         -11.7054 +/-           0.2350
 Period of  365.250 days,  cos amp=         0.63 +/-      0.07  sin amp=        -0.58 +/-      0.07  magnitude=         0.86 +/-      0.07
 Period of  182.625 days,  cos amp=        -0.00 +/-      0.04  sin amp=        -0.06 +/-      0.04  magnitude=         0.06 +/-      0.04
 Offset number     1 at  2003   357.000 is      -5.83 +/-     1.50
 Offset number     2 at  2004   272.000 is      -2.61 +/-     1.45
 Exponential number     1 at  2003   356.000 is      -1.22 +/-     0.54  Time constant is:  0.10000E-03 yrs
 Exponential number     2 at  2004   272.000 is      16.01 +/-     0.53  Time constant is:  0.10000E-03 yrs
  
  
  
  AIC=    13100.267617621570     
  BIC=    13184.557572760730     
  Best fitting solutions
  MLE=   -6537.1338088107850     
  white noise=   0.851283908      +/-   3.15863617E-05
  Bandpass filter amplitude=    0.00000000      +/-   0.00000000    
  power law noise 1
     amplitude=    1.20802128      +/-   7.47051818E-05
     exponent=    1.79904485      +/-   7.20929820E-05
     G-M freq=    0.00000000      +/-   0.00000000    
  power law noise 2
     amplitude=    9.99999975E-05  +/-   0.00000000    
     exponent=    2.00000000      +/-   0.00000000    
  
  Residuals in resid.out and/or resid_dec.out
  Model covariance and cross correlation in covar.out
  Journal of input parameter in estin.jrn
  History of estimating exp/Omori time constants, if requested in tauexp.out
 Total execution time              110.69 sec
