  
  Cross correlation matrix
           1  cross correlation    1.000000     -3.5500357E-06 -4.7405147E-06
  0.0000000E+00  0.0000000E+00  0.0000000E+00  0.0000000E+00
           2  cross correlation  -3.5500357E-06   1.000000     -8.8319132E-07
  0.0000000E+00  0.0000000E+00  0.0000000E+00  0.0000000E+00
           3  cross correlation  -4.7405147E-06 -8.8319132E-07   1.000000    
  0.0000000E+00  0.0000000E+00  0.0000000E+00  0.0000000E+00
           4  cross correlation   0.0000000E+00  0.0000000E+00  0.0000000E+00
  0.0000000E+00  0.0000000E+00  0.0000000E+00  0.0000000E+00
           5  cross correlation   0.0000000E+00  0.0000000E+00  0.0000000E+00
  0.0000000E+00  0.0000000E+00  0.0000000E+00  0.0000000E+00
           6  cross correlation   0.0000000E+00  0.0000000E+00  0.0000000E+00
  0.0000000E+00  0.0000000E+00  0.0000000E+00  0.0000000E+00
           7  cross correlation   0.0000000E+00  0.0000000E+00  0.0000000E+00
  0.0000000E+00  0.0000000E+00  0.0000000E+00  0.0000000E+00
 MLE best is    4079.56784774363     
  
  
  row number for optimal solution is         151
  nmod=           8
         0.057 +/-      0.000     35.251 +/-      0.000      2.755 +/-      0.000     -0.378 +/-      0.000     -0.024 +/-      0.000      0.006 +/-      0.000     -9.569 +/-      0.000    -10.906 +/-      0.000
  5.7161428E-02  0.0000000E+00   35.25115      0.0000000E+00   2.754622    
  0.0000000E+00 -0.3781794      0.0000000E+00 -2.4080779E-02  0.0000000E+00
  5.6565488E-03  0.0000000E+00  -9.569405      0.0000000E+00  -10.90593    
  0.0000000E+00
  Eigenvalues            1  2.949603229698013E-002           2
   3.21813475619157                3   4.52242835467407                4
   4.55400971046002                5   16.4287681866563                6
   21.5314090402544                7   62.4573071544166                8
   67.9101281019645     
  Using            8  out of           8  eigenvalues
       0.3971       3.9142       1.9385       0.0000       0.0000       0.0001       2.0000      -2074.568     4291.452    -4079.568        0.199
 
  number of rows is         153
  5.7161428E-02  0.5431135       35.25115       5.822549       2.754622    
  0.2465783     -0.3781794      0.2471743     -2.4080779E-02  0.1263716    
  5.6565488E-03  0.1268562      -9.569405      0.4697796      -10.90593    
  0.4697429    
  Update A_orig matrix
 ic=        4362
  
  Residualdata in resid.out
  col 1 & 2, time; 3 is residual, 4 is calculated, 5 is data
  
  
  
 Nomimal value for baseline   1      0.06 +/-       0.54
 Rate in units per year           5.8765 +/-           0.9706
 Period of  365.250 days,  cos amp=         2.75 +/-      0.25  sin amp=        -0.38 +/-      0.25  magnitude=         2.78 +/-      0.25
 Period of  182.625 days,  cos amp=        -0.02 +/-      0.13  sin amp=         0.01 +/-      0.13  magnitude=         0.02 +/-      0.13
 Offset number   1 at 1965-01-01T00:00:00.0 is      -9.5694 +/-     0.4698
 Offset number   2 at 1971-09-23T00:00:00.0 is     -10.9059 +/-     0.4697
  
  
  
  AIC=    8181.13569548726     
  BIC=    8251.32324126362     
  Best fitting solutions
  MLE=   -4079.56784774363     
  white noise=   0.3971021      +/-  3.1085641E-05
  Bandpass filter amplitude=   0.0000000E+00  +/-  0.0000000E+00
  power law noise 1
     amplitude=    3.914210      +/-  1.1030845E-04
     exponent=    1.938521      +/-  2.1240367E-05
     G-M freq=   0.0000000E+00  +/-  0.0000000E+00
  power law noise 2
     amplitude=   9.9999997E-05  +/-  0.0000000E+00
     exponent=    2.000000      +/-  0.0000000E+00
  
  Residuals in resid.out and/or resid_dec.out
  Model covariance and cross correlation in covar.out
  Journal of input parameter in estin.jrn
  History of estimating exp/Omori time constants, if requested in tauexp.out
 Total execution time               32.87 sec
