  Input the amplitude and fix/float
  Input the exponent of second Power Law function fix/float
  Input the amplitude of second PL function fix/float
  
  Sometimes, it may be necessary to add white noise to data so
  that a better estimate of long period PSD parameters can be made.
 This is especially true for data that is predominantly power noise
  Enter value of white noise to be added (nominal it should be 0)
  Calculating power law covariance for first set
  Calculating power law covariance for second set
  Number of loops for downhill simplex           0
  ModType f  calling funmin
  
  list of trial covariance parameters
    white noise     PL_1 amp     PL_1 exp      GM freq       BP amp      PL_2 amp      PL_2 exp  determinant  chi^2        MLE           cpu 
       1.0000       1.0000       1.0000       0.0000       0.0000       1.0000       2.0000       1080.728     1560.400    -5869.338        0.262
 MLE best is   -5869.33810957278     
  
  
  row number for optimal solution is           1
  nmod=           8
        -1.624 +/-      0.000     33.146 +/-      0.000      2.828 +/-      0.000     -0.364 +/-      0.000      0.002 +/-      0.000      0.018 +/-      0.000     -9.815 +/-      0.000    -10.529 +/-      0.000
  -1.623541      0.0000000E+00   33.14557      0.0000000E+00   2.828097    
  0.0000000E+00 -0.3636623      0.0000000E+00  2.0057377E-03  0.0000000E+00
  1.7658973E-02  0.0000000E+00  -9.815377      0.0000000E+00  -10.52917    
  0.0000000E+00
  Eigenvalues            1   2.00703917147451                2
   4.19509104086840                3   4.86409203682848                4
   13.6290931718801                5   86.6437547446202                6
   91.3624492931787                7   223.782856760140                8
   227.869266823158     
  Using            8  out of           8  eigenvalues
       1.0000       1.0000       1.0000       0.0000       0.0000       1.0000       2.0000       1080.728     1560.400    -5869.338        0.184
 
  number of rows is           3
  -1.623541      0.4477256       33.14557      0.5792652       2.828097    
  0.1070408     -0.3636623      0.1085442      2.0057377E-03  6.6480361E-02
  1.7658973E-02  6.7599371E-02  -9.815377      0.4882171      -10.52917    
  0.4902384    
  Update A_orig matrix
 ic=        4362
  
  Residualdata in resid.out
  col 1 & 2, time; 3 is residual, 4 is calculated, 5 is data
  
  
  
 Nomimal value for baseline   1     -1.62 +/-       0.45
 Rate in units per year           5.5255 +/-           0.0966
 Period of  365.250 days,  cos amp=         2.83 +/-      0.11  sin amp=        -0.36 +/-      0.11  magnitude=         2.85 +/-      0.11
 Period of  182.625 days,  cos amp=         0.00 +/-      0.07  sin amp=         0.02 +/-      0.07  magnitude=         0.02 +/-      0.07
 Offset number   1 at 1965-01-01T00:00:00.0 is      -9.8154 +/-     0.4882
 Offset number   2 at 1971-09-23T00:00:00.0 is     -10.5292 +/-     0.4902
  
  
  
  AIC=   -11722.6762191456     
  BIC=   -11671.6307326954     
  Best fitting solutions
  MLE=    5869.33810957278     
  white noise=    1.000000      +/-  0.0000000E+00
  Bandpass filter amplitude=   0.0000000E+00  +/-  0.0000000E+00
  power law noise 1
     amplitude=    1.000000      +/-  0.0000000E+00
     exponent=    1.000000      +/-  0.0000000E+00
     G-M freq=   0.0000000E+00  +/-  0.0000000E+00
  power law noise 2
     amplitude=    1.000000      +/-  0.0000000E+00
     exponent=    2.000000      +/-  0.0000000E+00
  
  Residuals in resid.out and/or resid_dec.out
  Model covariance and cross correlation in covar.out
  Journal of input parameter in estin.jrn
  History of estimating exp/Omori time constants, if requested in tauexp.out
 Total execution time                0.48 sec
