   1.35919303E-02
  -1.17539740    
 -0.465174377    
  0.683090329    
  0.353089571    
   8.89476761E-02
 -0.241332233    
  0.260933429    
  0.840436459    
   3.79000008E-02
  0.922457218    
  -1.84708834E-03
  0.371013105    
   1.39376223    
  0.772391438    
  0.601762533    
  0.643089414    
  0.401223063    
   1.14260006    
  0.256294489    
  0.171039686    
 -0.128072977    
 -0.977722883    
 -0.549665093    
  -1.77170587    
 -0.836052418    
  -1.33379292    
 -0.880098462    
 -0.480493844    
  -1.70038140    
  -1.04358065    
  -1.09623682    
  -1.53996801    
 -0.840379834    
 -0.336200237    
  -1.88461423    
  -1.09523749    
  -1.14805222    
  -8.28933716E-03
 -0.833032012    
  -1.85942364    
  -2.09121251    
  -2.15166116    
  -1.95150352    
  -1.57338095    
  -1.78925014    
  -2.11173606    
  -1.60421014    
  -1.78784502    
  -1.70273209    
  -2.19290233    
  -2.24008131    
  -2.01613688    
  -2.01070929    
  -2.34407401    
  -1.23398626    
  -1.20075417    
 -0.490275264    
 -0.764586449    
  -1.00642061    
 -0.883658290    
 -0.361104310    
  -1.36640453    
  -1.69315529    
  -2.11560202    
 -0.626717448    
 -0.536189675    
  -2.11688733    
  -1.28675079    
  -2.80798483    
  -1.07596612    
  -1.22402418    
  -1.12151814    
  -1.20421171    
 -0.876091957    
  -1.02040267    
 -0.697230577    
  -1.00140250    
 -0.511562884    
  -1.36104393    
   8.34131539E-02
  -4.44502980E-02
  0.148738697    
 -0.659583449    
  0.409781337    
 -0.324545562    
 -0.359000862    
  0.474257261    
   1.05560851    
  0.345938534    
  0.828603923    
 -0.100236654    
  0.478242755    
  0.383150190    
  0.307871103    
  0.557393491    
  0.194744885    
   1.03936940E-02
   1.17343616    
  0.884141147    
  0.285667062    
  0.405215949    
  0.327275693    
  0.673401058    
 -0.203474581    
  0.372819632    
  0.165580213    
 -0.172872514    
   7.71497190E-02
  0.768101811    
   1.01550937    
  0.319964319    
  0.893786669    
  0.214379072    
  0.127563432    
   1.36645532    
   1.02449703    
  0.838914454    
   1.37085605    
  0.420386314    
  0.192688346    
  0.828604102    
   1.28044450    
   1.78458190    
  0.674112082    
   2.11257052    
   1.00328004    
   1.06794381    
   2.30922699    
   1.39261985    
  0.681654096    
   1.64569879    
  0.583077192    
  0.976579905    
  0.220973551    
   1.14242029    
  0.373081267    
  0.708356678    
   1.06217694    
   1.00632763    
   1.65577936    
   1.11356306    
   1.44605124    
  0.965437949    
  0.660677314    
   1.05774951    
  0.645951986    
  0.811608553    
   1.11403584    
  0.496155739    
   1.30675030    
   9.86334682E-02
  0.981545150    
 -0.370838046    
  0.556405663    
  0.483619958    
   1.73198199    
   1.00404501    
   1.10149837    
  0.704250455    
   1.51454091    
  0.433112502    
   1.75109541    
   1.62251735    
  0.971538067    
   1.22043085    
   1.07670319    
   1.76546097    
   1.45715833    
  0.784854114    
  0.497650325    
   1.52164435    
  -1.04759502    
  0.534161747    
  -6.49225712E-03
  0.645871639    
  0.973423958    
   1.86971390    
  0.313319862    
  0.909054458    
  0.556679845    
   1.54955983    
   1.32737327    
   1.96932316    
   1.74937165    
   1.54820621    
  -6.63135052E-02
  0.813882351    
   1.82993519    
  0.924703598    
  0.938275933    
  0.415062547    
   1.13838661    
   1.84348047    
   1.59621108    
   1.59358180    
   1.01639020    
   1.27193761    
   2.25451946    
   2.00567460    
   1.35787117    
   1.92696714    
   2.27921343    
   1.58262622    
   2.11412787    
   1.63880479    
   2.42472982    
   2.44055057    
   3.26278067    
   2.08511615    
   2.72706318    
   2.53352666    
   1.60196042    
   1.00687468    
   1.63750398    
   1.27173352    
   1.85718167    
   1.24611700    
   1.58840215    
   1.31362402    
   2.32735372    
   3.14008188    
   2.33919907    
   3.11458111    
   3.72164011    
   3.23556161    
   2.58179402    
   3.00627041    
   2.89486957    
   2.55145216    
   3.39847565    
   3.52314043    
   2.83753681    
   2.46934557    
   2.76418257    
   3.11834097    
   3.66406107    
   3.51161480    
   3.15163064    
   3.58141494    
   4.46555376    
   4.18606091    
   3.70821691    
   2.18395257    
   3.77123356    
   2.70032239    
   2.46613717    
   2.58246732    
   1.80779147    
   2.56115198    
   2.53540468    
   1.50159216    
   1.30885077    
   2.44028282    
   2.57514238    
   1.67097855    
   1.76861501    
   2.30904889    
   1.44954240    
   3.40971804    
   2.62064481    
   1.97049522    
   1.46562016    
   3.07954216    
   3.09896183    
   3.32626200    
   2.87193227    
   1.73034966    
   2.73386526    
   2.41396093    
   1.79096615    
   2.29590273    
   2.12067509    
   2.20087528    
   2.26300788    
   1.21819937    
   1.04698861    
   1.41418290    
   1.59004116    
   2.16511178    
   2.64119887    
   2.14347529    
   1.91685724    
   2.86480832    
   2.79120898    
   2.57850099    
   1.61475515    
   1.61840105    
   2.45552731    
   2.23709130    
   1.98428822    
   2.89811802    
   2.62345171    
   1.80022538    
   1.78105092    
   1.91107512    
   1.93574572    
  0.871687472    
   1.65189064    
   1.74629331    
  0.953710616    
  0.604014874    
   1.18841398    
   1.97156239    
   1.14188838    
  0.369409859    
  -3.84387970E-02
  0.547508061    
  0.125530869    
  0.746528089    
  0.639611781    
  0.128689378    
  0.985849023    
  0.419328690    
  0.635814369    
 -0.170796633    
 -0.298868239    
 -0.280656517    
  0.792647421    
   4.58027422E-02
   9.15626511E-02
 -0.212809533    
  -6.01050854E-02
  -7.21200109E-02
 -0.977075815    
 -0.669161558    
  -1.52097523    
  -1.18992901    
  -1.69921577    
  -2.28000045    
  -1.10622215    
 -0.687022150    
  -1.16882753    
 -0.250882387    
 -0.950967669    
 -0.986709177    
 -0.587586164    
  -5.18738627E-02
 -0.140804052    
  -1.11223137    
 -0.148322046    
 -0.810387015    
  -1.10986972    
  -1.24131525    
 -0.975622892    
  0.267877102    
  -1.47309792    
 -0.539553702    
  -1.20385194    
  -1.22799981    
 -0.655447721    
 -0.118591264    
  0.387384117    
  0.596190453    
  -8.37003142E-02
 -0.376540124    
 -0.573340237    
 -0.708877027    
 -0.691082239    
 -0.676861882    
 -0.653997898    
  -1.01878822    
 -0.162404954    
  -1.38506556    
 -0.978555560    
  -2.11587453    
  -1.17814302    
  -1.05256188    
  -1.48851538    
  -1.39686418    
  -1.27867246    
  -1.41734338    
  -2.31878281    
  -1.63922071    
  -1.88563061    
  -1.06423211    
 -0.973334610    
 -0.887522995    
  -1.46421504    
  -2.01791096    
 -0.972450256    
  -1.90291607    
  -1.98454785    
  -2.61866760    
  -2.30431724    
  -2.40595961    
  -2.02398300    
  -2.90414238    
  -1.98129642    
  -2.63501382    
  -1.81768894    
  -2.37122440    
  -2.33214998    
  -2.66450548    
  -2.86333537    
  -1.59024096    
  -2.57079077    
  -1.95264769    
  -2.59258938    
  -3.44773054    
  -2.86986041    
  -1.86055732    
  -1.62013650    
  -3.36663556    
  -2.97945762    
  -3.26959491    
  -2.61997819    
  -2.27653694    
  -3.57963896    
  -2.17161560    
  -3.10691404    
  -3.45948076    
  -1.75646949    
  -1.61205506    
  -2.21602821    
  -2.35074568    
  -1.51625860    
  -2.35185122    
  -2.65072227    
  -1.69259524    
  -2.63074636    
  -1.27667558    
  -2.65010262    
  -3.10560226    
  -2.17708611    
  -2.26406455    
  -3.09160900    
  -2.74001384    
  -1.80285609    
  -2.54119802    
  -3.32089090    
  -2.87977695    
  -3.10276365    
  -3.05297661    
  -2.83633375    
  -3.14573383    
  -2.47050524    
  -1.73617387    
  -1.88018262    
  -2.05916333    
  -1.21305275    
  -1.28942239    
  -1.29960513    
  -2.56792831    
  -2.61270165    
  -1.73832512    
  -2.75214696    
  -3.06459117    
  -3.39705181    
  -3.85520840    
  -2.65499425    
  -1.74952936    
  -1.82547247    
  -2.65543818    
  -1.75720692    
  -2.14866257    
  -1.86451006    
  -1.15010142    
  -2.25141048    
  -1.80270672    
  -1.63996768    
  -3.02633786    
  -2.72145939    
  -2.24561715    
  -1.63748717    
  -2.34695220    
  -1.25273228    
  -2.76489329    
  -2.33809400    
  -2.63974142    
  -2.64303350    
  -2.04146576    
  -1.78436399    
  -1.73249841    
  -2.38113475    
  -2.54124093    
  -3.15243721    
  -3.59919691    
  -3.46435213    
  -3.45010352    
  -2.83211017    
  -2.80683804    
  -3.11626577    
  -2.91317129    
  -3.64392567    
  -2.69336367    
  -3.61101246    
  -3.80066299    
  -4.48625278    
  -4.37811661    
  -4.32585573    
  -4.52286720    
  -4.07883978    
  -4.97036695    
  -5.05371904    
  -6.25289488    
  -5.76341486    
  -5.14053535    
  -5.97317696    
  -5.43618202    
  -5.87452221    
  -5.68848610    
  -5.93861055    
  -5.31573009    
  -5.68577003    
  -6.39361477    
  -5.17449141    
  -4.63380814    
  -4.77114630    
  -5.99027634    
  -6.54122829    
  -6.40800142    
  -6.34078884    
  -6.38911676    
  -5.01667166    
  -6.34799767    
  -6.05047655    
  -5.83390474    
  -6.07549572    
  -5.86947155    
  -7.18383455    
  -6.35189104    
  -6.30781984    
  -5.72673130    
  -6.83626890    
  -6.22049332    
  -5.95214081    
  -5.55255365    
  -6.52094126    
  -7.32306719    
  -6.59471512    
  -6.68646479    
  -7.09310818    
  -7.47298288    
  -7.04249620    
  -7.07940435    
  -7.38841343    
  -6.91442490    
  -7.20560312    
  -7.62820053    
  -7.97319126    
  -6.64687634    
  -7.25662184    
  -6.42346907    
  -7.29739571    
  -7.10642433    
  -7.21420479    
  -7.12974548    
  -7.23178387    
  -8.39533234    
  -6.93131113    
  -6.69111204    
  -8.29648876    
  -7.45591116    
  -6.87043619    
  -7.49127436    
  -7.41685677    
  -7.46088696    
  -7.96598721    
  -7.11762714    
  -7.46296406    
  -7.77176476    
  -7.53233433    
  -7.61081791    
  -7.69399309    
  -8.35880470    
  -8.27501106    
  -8.02752686    
  -7.66606903    
  -8.32192993    
  -8.19400215    
  -6.29459620    
  -7.52043819    
  -7.97045946    
  -6.97347736    
  -7.74997711    
  -9.00473881    
  -7.42781973    
  -8.78821945    
  -7.72627592    
  -8.72185135    
  -8.15704918    
  -7.77665949    
  -7.28974724    
  -8.36876488    
  -7.54445028    
  -7.74476671    
  -8.23424053    
  -8.68432999    
  -7.96406507    
  -8.91422081    
  -8.26489353    
  -8.43466187    
  -9.03371143    
  -8.00993919    
  -8.17396164    
  -8.52388287    
  -8.52124596    
  -9.67827606    
  -9.23070621    
  -9.75905704    
  -10.5577040    
  -10.4841566    
  -11.2419004    
  -9.00074673    
  -10.6345167    
  -10.3102131    
  -9.37747383    
  -9.28864193    
  -9.24320221    
  -9.09569073    
  -8.14772797    
  -8.27181149    
  -9.20761871    
  -9.16838646    
  -8.96835709    
  -9.45021915    
  -8.91270828    
  -8.62917614    
  -8.67583752    
  -7.72006941    
  -8.38581467    
  -8.45801544    
  -7.45788574    
  -8.21492004    
  -7.79435110    
  -8.10600185    
  -8.18050194    
  -8.15455151    
  -8.46360493    
  -9.12745953    
  -8.51425362    
  -9.26457596    
  -8.34798813    
  -8.98925972    
  -8.81751537    
  -8.61584377    
  -7.91220903    
  -9.07087231    
  -8.41028309    
  -7.45299482    
  -7.59863186    
  -9.29613304    
  -7.96549273    
  -8.85579681    
  -8.34523964    
  -9.13938808    
  -8.46788311    
  -8.25954437    
  -8.71598244    
  -8.88188839    
  -8.92104149    
  -9.27223778    
  -9.18732834    
  -8.89763737    
  -9.40785122    
  -8.93924618    
  -8.46557426    
  -9.70767212    
  -8.86559868    
  -9.15172291    
  -7.77965450    
  -9.38471603    
  -8.69732094    
  -8.46585846    
  -7.78760719    
  -7.94596529    
  -7.70383596    
  -7.53926277    
  -7.76499796    
  -8.03428745    
  -8.56736279    
  -8.10244560    
  -7.78301954    
  -7.66697407    
  -7.40705729    
  -8.15179634    
  -7.63323498    
  -7.95748425    
  -7.21643162    
  -6.79786491    
  -7.33428764    
  -6.88940096    
  -6.93722296    
  -7.91964769    
  -7.38112688    
  -6.97175407    
  -6.90107203    
  -6.83531427    
  -7.05102921    
  -8.23418331    
  -7.19327307    
  -8.03457546    
  -7.65966940    
  -7.66183043    
  -8.26773357    
  -7.00631285    
  -7.71504593    
  -7.33906078    
  -7.33024597    
  -6.09536791    
  -7.71216917    
  -7.06157064    
  -6.55966759    
  -7.50679588    
  -8.01245689    
  -7.43514299    
  -7.46172810    
  -6.50710249    
  -7.44181156    
  -7.66861582    
  -7.37959337    
  -7.69030142    
  -5.84961224    
  -7.46392298    
  -6.80994749    
  -7.50352049    
  -6.14341784    
  -7.92047596    
  -7.49968004    
  -7.14677954    
  -6.25473785    
  -7.34048891    
  -7.17448950    
  -6.26616096    
  -7.28034401    
  -6.90158224    
  -8.32109547    
  -6.64479399    
  -7.17011690    
  -6.79085588    
  -6.76856709    
  -7.17730474    
  -7.23531246    
  -6.72650194    
  -6.82686853    
  -6.99903297    
  -7.44585848    
  -6.71792555    
  -6.78431273    
  -6.43832827    
  -6.33285570    
  -7.53546190    
  -6.46731329    
  -6.70990276    
  -6.86400604    
  -6.41312790    
  -7.68565655    
  -6.59400225    
  -7.00004005    
  -6.57012033    
  -7.64341021    
  -7.22610664    
  -7.08775187    
  -6.88228321    
  -6.20675802    
  -5.76196432    
  -7.22970772    
  -7.77012682    
  -6.52933121    
  -6.77773523    
  -6.60716438    
  -7.08341503    
  -6.87891626    
  -6.12092876    
  -6.52587032    
  -7.33811855    
  -8.22277737    
  -7.69696188    
  -7.30799246    
  -8.36447906    
  -7.38375759    
  -7.50025749    
  -6.61742258    
  -6.53472137    
  -7.28412819    
  -7.56661558    
  -7.13660145    
  -7.66328192    
  -7.58543873    
  -7.55005312    
  -7.56501722    
  -7.23451185    
  -7.28326273    
  -7.33064604    
  -8.30717087    
  -7.92292261    
  -8.53484154    
  -8.13455009    
  -6.93278694    
  -8.30638027    
  -7.29196978    
  -7.54324007    
  -8.30986404    
  -8.00116730    
  -8.25997639    
  -7.47725201    
  -6.67977333    
  -7.41904640    
  -7.07480240    
  -6.62691402    
  -6.75875425    
  -6.28071070    
  -6.99248409    
  -6.41284704    
  -6.98577356    
  -7.01721621    
  -6.42556047    
  -6.99374628    
  -7.59106970    
  -7.50843620    
  -7.48668480    
  -6.42368031    
  -7.92001677    
  -7.85471630    
  -7.12275553    
  -7.53612375    
  -6.24038363    
  -6.68064260    
  -7.05374050    
  -6.38838625    
  -6.09914684    
  -6.45336342    
  -6.69549084    
  -5.65123129    
  -5.76042557    
  -7.91029406    
  -6.32401657    
  -5.14873266    
  -6.00413799    
  -6.50604248    
  -6.76344204    
  -6.18627834    
  -6.50435877    
  -7.52223349    
  -6.27072191    
  -5.50500202    
  -6.04245996    
  -5.04582930    
  -4.93575525    
  -5.21734428    
  -5.22995186    
  -5.21956968    
  -5.59273624    
  -6.38298178    
  -5.07487202    
  -6.03322601    
  -5.86843204    
  -5.82659721    
  -5.99175978    
  -5.50257254    
  -5.62546349    
  -5.70874882    
  -6.29507589    
  -6.59659052    
  -6.64758110    
  -6.94515514    
  -6.37677288    
  -6.06262541    
  -7.41452026    
  -5.91624022    
  -6.77705908    
  -6.54868555    
  -6.81034088    
  -5.72639227    
  -6.21009827    
  -6.69632769    
  -5.39833069    
  -5.51803255    
  -7.38574982    
  -6.55136681    
  -7.27160692    
  -6.59837580    
  -6.38231611    
  -5.85864210    
  -6.25909376    
  -6.29553509    
  -6.10332251    
  -6.15729904    
  -7.00557709    
  -6.11553955    
  -6.57148886    
  -5.55335760    
  -6.16666031    
  -4.93667412    
  -5.12824440    
  -6.14625120    
  -5.73129416    
  -5.50725412    
  -5.29982138    
  -6.24989033    
  -6.38422871    
  -6.32561684    
  -7.08921432    
  -6.26260805    
  -5.69254303    
  -6.47394466    
  -6.29194689    
  -5.53225565    
  -5.67279577    
  -6.20285130    
  -6.51825666    
  -5.96779823    
  -6.82531977    
  -5.44595766    
  -5.71760654    
  -7.40241098    
  -6.39686203    
  -5.53865957    
  -6.29990196    
  -5.95012808    
  -6.10550451    
  -5.75599527    
  -6.55339050    
  -5.37952375    
  -6.32909966    
  -6.27099180    
  -5.40178108    
  -5.24033737    
  -5.91846704    
  -7.27307177    
  -6.13162899    
  -5.50721884    
  -6.24447823    
  -6.11779356    
  -6.17585087    
  -5.40300512    
  -6.52801657    
  -5.40872478    
  -5.47482204    
  -5.95960474    
  -6.02119064    
  -5.80944681    
  -4.92561102    
  -6.47242975    
  -5.53427887    
  -6.02218294    
  -5.69746208    
  -5.01579332    
  -5.61750698    
  -6.35525703    
  -5.12583685    
  -5.45134354    
  -5.42647409    
  -6.16098452    
  -5.09825420    
  -5.46712065    
  -4.52247238    
  -5.52342701    
  -5.62135267    
  -5.01527977    
  -5.73288059    
  -5.45208740    
  -6.03659916    
  -4.63747692    
  -5.19310808    
  -5.68060923    
  -5.88192844    
  -5.02194500    
  -4.62554359    
  -4.92657518    
  -5.77213478    
  -5.43434191    
  -4.50448942    
  -5.38709450    
  -5.22708750    
  -4.13915062    
  -4.99808264    
  -5.64088774    
  -5.08505869    
  -5.11109304    
  -6.11943817    
  -5.66424608    
  -6.01457405    
  -4.75968933    
  -5.45554638    
  -5.91115236    
  -6.29618359    
  -5.09440660    
  -5.13328218    
  -5.11755371    
  -4.88848686    
  -6.80698586    
  -6.14306211    
  -7.05947590    
  -6.87369633    
  -6.83408594    
  -7.74429703    
  -6.90110588    
  -6.13888168    
  -6.94644070    
  -6.80073977    
  -6.61287594    
  -6.73310232    
  -6.41120434    
  -7.59713745    
  -6.40927649    
  -5.44813538    
  -6.22241449    
  -6.23741627    
  -6.18426943    
  -6.47632551    
  -6.31215525    
  -6.38555717    
  -6.57469320    
  -6.47727776    
  -6.45201302    
  -6.42047596    
  -6.96182442    
  -6.53448725    
  -7.14699745    
  -6.47498512    
  -6.46396732    
  -5.04412460    
  -5.74024582    
  -5.31878996    
  -5.51982689    
  -6.15086794    
  -5.27331924    
  -5.30137444    
  -5.62327576    
  -5.06512356    
  -5.23160791    
  -5.03074598    
  -5.04377651    
  -4.88458347    
  -5.19077015    
  -6.08147907    
  -5.56259108    
  -4.59378481    
  -5.00014114    
  -6.00309420    
  -4.72619534    
  -5.63394594    
  -5.96070528    
  -5.87002850    
  -5.87558889    
  -5.44066238    
  -4.93013906    
  -6.03644085    
  -4.83137035    
  -4.91064930    
  -5.84231377    
  -5.08958483    
  -4.99754524    
  -5.14062643    
  -4.76997375    
  -5.31817770    
  -4.75461149    
  -5.78949404    
  -4.99427414    
  -4.68253899    
  -4.29315758    
  -3.91922188    
  -5.47056627    
  -5.14281940    
  -4.83447742    
  -4.25714731    
  -5.89280748    
  -4.45060062    
  -5.13958788    
  -4.79205132    
  -5.74345922    
  -5.20040798    
  -4.30471039    
  -4.81781101    
  -4.81925249    
  -4.25626040    
  -4.12912703    
  -5.91870785    
  -5.63604498    
  -4.96311617    
  -4.57235575    
  -4.68737984    
  -4.87064028    
  -5.89267349    
  -3.96255612    
  -5.70673084    
  -5.43252850    
  -5.37570286    
  -6.47438812    
  -5.97625446    
  -5.18215656    
  -5.33772659    
  -5.00474787    
  -5.36534500    
  -4.33072948    
  -5.71637487    
  -6.03980160    
  -5.64426613    
  -6.61289501    
  -7.03583288    
  -5.68522358    
  -6.20552731    
  -6.32685709    
  -5.25920057    
  -6.18637609    
  -5.91607094    
  -6.29177332    
  -6.07004070    
  -6.65192556    
  -5.54945469    
  -6.08129120    
  -5.21997404    
  -5.48473597    
  -5.69543076    
  -6.41161156    
  -5.68557358    
  -6.45887947    
  -5.10952377    
  -5.09359169    
  -5.52000999    
  -6.23081589    
  -6.14643288    
  -5.28806448    
  -5.00891447    
  -4.65635204    
  -5.37653399    
  -5.60154915    
  -3.96969581    
  -5.73527479    
  -6.09334326    
  -5.93548298    
  -6.01064968    
  -6.46594143    
  -6.83042240    
  -5.16326571    
  -6.48196793    
  -5.90828991    
  -6.34501696    
  -6.14963293    
  -5.94741726    
  -6.66134834    
  -7.05788851    
  -6.97735262    
  -5.86575508    
  -6.88467932    
  -6.90858221    
  -6.72727346    
  -6.21590900    
  -6.87046194    
  -6.01061630    
  -6.81610107    
  -6.54679060    
  -7.35143232    
  -6.94632864    
  -6.54354143    
  -6.12618208    
  -7.39900351    
  -5.98134565    
  -6.80766678    
  -6.46506739    
  -6.24958134    
  -6.52319050    
  -6.91452551    
  -5.75073004    
  -6.17439079    
  -5.63727379    
  -6.22558022    
  -6.36553383    
  -5.38970613    
  -6.28879166    
  -5.83599377    
  -5.32705069    
  -5.47290134    
  -6.56752872    
  -6.41104317    
  -5.77896929    
  -5.93625546    
  -5.33952522    
  -5.82085085    
  -6.05877399    
  -5.37057114    
  -5.76703119    
  -6.32738447    
  -5.92051029    
  -5.23796940    
  -5.79422474    
  -5.71733856    
  -4.45726728    
  -4.65671730    
  -4.08781242    
  -5.29528713    
  -4.61236525    
  -4.93504524    
  -4.83233929    
  -5.13435125    
  -4.09356260    
  -3.99774718    
  -4.33815241    
  -3.99939871    
  -3.46438742    
  -3.80054569    
  -3.42619324    
  -3.48016477    
  -3.67014432    
  -3.64557815    
  -4.02135611    
  -5.08186531    
  -3.44560027    
  -2.86703682    
  -3.08259535    
  -4.30521345    
  -3.26217651    
  -2.69588614    
  -3.62751579    
  -3.70527196    
  -3.80090761    
  -4.63245869    
  -4.84592533    
  -2.82550645    
  -4.08682585    
  -4.13407850    
  -3.17657447    
  -3.93190980    
  -3.80144048    
  -3.63347578    
  -3.43849874    
  -2.94942689    
  -3.39902425    
  -2.69550562    
  -2.55623102    
  -3.24367332    
  -2.91526866    
  -2.74584103    
  -2.90510845    
  -2.58745527    
  -3.80387259    
  -4.06532240    
  -3.56804824    
  -3.04744029    
  -4.33761644    
  -3.48276138    
  -3.63029385    
  -4.71483135    
  -4.27899361    
  -3.08528304    
  -4.92907095    
  -4.46478319    
  -4.21876907    
  -5.03188276    
  -4.64415646    
  -3.43624401    
  -3.71696591    
  -4.89773560    
  -4.50018597    
  -4.45468807    
  -5.76451874    
  -5.36067152    
  -5.01492214    
  -5.16466188    
  -5.64169931    
  -5.33937454    
  -4.44942379    
  -4.19478798    
  -4.96552277    
  -4.47433949    
  -4.82501698    
  -3.98491645    
  -4.30711079    
  -4.64921856    
  -5.92797089    
  -5.16733694    
  -4.76577663    
  -4.00731993    
  -4.92091990    
  -3.89507794    
  -3.87619328    
  -3.94564009    
  -4.32152891    
  -3.57466459    
  -4.64158154    
  -4.31576490    
  -3.26134300    
  -3.45277309    
  -2.68564701    
  -3.66397595    
  -3.47648549    
  -3.46626830    
  -2.60331249    
  -3.63240433    
  -3.19449067    
  -3.08365870    
  -3.03374791    
  -3.38665295    
  -3.06028938    
  -3.59015656    
  -2.59250379    
  -3.47565794    
  -3.06032038    
  -2.97675729    
  -2.79681826    
  -3.12593627    
  -2.74851179    
  -4.29543591    
  -3.16926932    
  -3.01361513    
  -3.49529958    
  -3.18926811    
  -2.82219505    
  -3.30781579    
  -3.25730968    
  -3.62232947    
  -4.15950775    
  -4.40865374    
  -3.65471530    
  -4.00719595    
  -3.62101483    
  -3.96265984    
  -4.28667545    
  -4.22998619    
  -4.55021858    
  -3.99119568    
  -4.18877792    
  -3.87920380    
  -3.27160883    
  -2.69035339    
  -4.15341711    
  -3.48040056    
  -3.98330927    
  -4.73336172    
  -4.65169859    
  -4.42212343    
  -4.78605127    
  -4.93458652    
  -5.28941774    
  -4.41919994    
  -5.58167744    
  -5.32614231    
  -4.89018583    
  -5.52793550    
  -4.83739567    
  -5.52946854    
  -3.83459377    
  -3.76861048    
  -3.26685071    
  -5.04105902    
  -3.71944356    
  -3.97275424    
  -3.94259000    
  -3.95975590    
  -5.36959839    
  -5.05383492    
  -5.39563131    
  -4.94044209    
  -6.46829081    
  -4.36394119    
  -5.23919773    
  -4.87092447    
  -4.70634747    
  -4.47021770    
  -4.36056757    
  -4.26589775    
  -4.19203472    
  -4.38922644    
  -4.60889626    
  -4.33686209    
  -4.39181137    
  -4.85383415    
  -4.32520628    
  -5.07304096    
  -4.07165480    
  -5.56241608    
  -5.50840235    
  -5.70581341    
  -6.24755955    
  -6.86502600    
  -6.10285330    
  -5.00870943    
  -4.26999187    
  -6.28765059    
  -6.72371769    
  -6.56849337    
  -6.40149927    
  -5.62652922    
  -5.47638416    
  -7.05205202    
  -5.16503620    
  -6.20175076    
  -5.91185856    
  -6.85337353    
  -7.07856226    
  -6.28139019    
  -7.92499542    
  -6.10141373    
  -6.59306145    
  -6.85592747    
  -7.01453686    
  -6.47046900    
  -7.17472267    
  -7.20636511    
  -7.00188637    
  -8.16539288    
  -7.36785889    
  -6.15381336    
  -6.86687231    
  -7.49551010    
  -6.68101692    
  -8.02669144    
  -7.60927486    
  -7.88334513    
  -7.37863970    
  -7.28513622    
  -7.66182566    
  -7.69833517    
  -8.36929417    
  -7.76489735    
  -8.54906082    
  -7.43076277    
  -8.77719975    
  -8.73054218    
  -8.71721172    
  -8.45492649    
  -8.44689178    
  -8.76324368    
  -8.79337883    
  -8.58177280    
  -9.29452038    
  -9.16409302    
  -9.07949734    
  -8.51115799    
  -8.77852821    
  -9.24775124    
  -9.04917622    
  -8.17386532    
  -8.52298450    
  -8.79814053    
  -7.50039721    
  -7.97792530    
  -8.17811775    
  -8.15543365    
  -8.03123856    
  -8.00645638    
  -7.69449759    
  -8.11781979    
  -8.85547924    
  -7.38312149    
  -7.06507063    
  -7.21577740    
  -6.80379725    
  -8.31223202    
  -7.60965490    
  -7.55003881    
  -7.88223314    
  -7.46513557    
  -7.65627050    
  -8.58294964    
  -7.21265125    
  -8.29007244    
  -7.60531378    
  -7.47809315    
  -8.52527618    
  -7.63036489    
  -6.83691120    
  -6.76484919    
  -7.29277515    
  -7.19434214    
  -8.10897923    
  -7.08689451    
  -7.19144154    
  -5.47590017    
  -5.66712666    
  -6.25885534    
  -7.06682062    
  -6.66424942    
  -6.70356417    
  -6.71252632    
  -6.12518406    
  -6.12040615    
  -5.84675121    
  -5.59897804    
  -6.10307407    
  -5.45478392    
  -5.88551807    
  -6.64464426    
  -6.65923691    
  -7.54304409    
  -6.39416981    
  -6.55621243    
  -6.07671690    
  -6.40414381    
  -6.94444275    
  -6.97634697    
  -7.14911032    
  -6.62558937    
  -7.70805216    
  -6.47145319    
  -6.49545479    
  -6.62374640    
  -7.00925016    
  -6.87177515    
  -6.16230679    
  -6.39569092    
  -6.70324993    
  -6.35399485    
  -7.27344227    
  -8.01633072    
  -6.28707170    
  -7.44790173    
  -6.94019127    
  -6.38630772    
  -6.56374168    
  -5.92435169    
  -5.78290796    
  -5.65908432    
  -6.40356636    
  -6.16858578    
  -6.80672407    
  -6.53918743    
  -6.78510666    
  -4.95813465    
  -5.03349590    
  -5.44866610    
  -5.98001909    
  -5.49643230    
  -4.37906742    
  -5.85760880    
  -5.51679087    
  -5.12020540    
  -5.32585287    
  -5.81540823    
  -4.82131338    
  -5.05598116    
  -5.91769218    
  -5.08422947    
  -5.60147333    
  -5.34830809    
  -6.05633020    
  -6.18931770    
  -4.80284214    
  -4.76985264    
  -5.28583431    
  -5.57316971    
  -6.22940493    
  -7.37738609    
  -6.70017385    
  -4.67181158    
  -6.05419827    
  -5.39227867    
  -6.25081444    
  -6.96883392    
  -6.06038857    
  -6.54591703    
  -5.55905771    
  -5.34148073    
  -5.77313662    
  -5.33457279    
  -5.06935787    
  -4.21812344    
  -5.10624552    
  -4.58022165    
  -5.88074350    
  -5.13454866    
  -5.90096426    
  -6.03025484    
  -6.79908705    
  -6.20183897    
  -5.94230604    
  -7.00074720    
  -6.45501375    
  -6.34247541    
  -5.48150587    
  -5.56155920    
  -5.92319584    
  -5.96178198    
  -5.78102541    
  -6.55829144    
  -5.79705763    
  -6.96635008    
  -5.98277664    
  -6.52320242    
  -6.82386875    
  -5.75783730    
  -5.48838520    
  -6.17325592    
  -5.06807518    
  -5.38327074    
  -5.24244213    
  -6.71864223    
  -6.81642389    
  -6.14788532    
  -5.66061926    
  -6.21641254    
  -6.83773947    
  -5.78004074    
  -6.27553797    
  -4.96555853    
  -5.23779440    
  -4.75893450    
  -4.84653187    
  -4.60311317    
  -5.34428310    
  -4.36090088    
  -4.81556416    
  -3.76873016    
  -4.91093016    
  -5.10549259    
  -4.50631618    
  -4.90062237    
  -4.70494080    
  -4.75483084    
  -5.66196823    
  -5.11503506    
  -4.73652458    
  -4.33128786    
  -5.02202368    
  -4.58455658    
  -4.76037025    
  -5.02186966    
  -4.72076702    
  -4.55854464    
  -4.63595486    
  -4.96441984    
  -4.25251913    
  -5.56168795    
  -5.33149433    
  -5.94926119    
  -5.38474226    
  -5.15965033    
  -5.87226009    
  -4.89982367    
  -5.49672508    
  -5.25787210    
  -3.77929759    
  -4.59254169    
  -4.47305012    
  -5.31985903    
  -4.80146217    
  -5.05874348    
  -4.44403219    
  -4.73944187    
  -5.29800034    
  -4.87308931    
  -5.06165791    
  -5.30138445    
  -5.41966343    
  -5.37334633    
  -4.77692080    
  -4.93935966    
  -4.72210598    
  -4.11261034    
  -4.15136147    
  -5.50928879    
  -4.01203108    
  -3.63004875    
  -3.48137736    
  -3.20724106    
  -3.47881389    
  -3.00153995    
  -3.94568062    
  -3.85019159    
  -3.69840384    
  -3.44334507    
  -4.58583069    
  -3.86216617    
  -3.48017931    
  -3.58995962    
  -3.57683134    
  -3.13138175    
  -3.64468241    
  -3.65291405    
  -4.04388475    
  -3.58710504    
  -2.92698503    
  -4.66581249    
  -3.60616946    
  -3.51314402    
  -4.42088413    
  -4.64824343    
  -4.09638691    
  -4.02961063    
  -5.43837833    
  -4.40881205    
  -4.70515585    
  -5.26323175    
  -4.81123161    
  -3.56105661    
  -3.71295738    
  -4.32170057    
  -3.57211590    
  -3.81420517    
  -3.06681442    
  -4.29916906    
  -4.57528448    
  -4.17709875    
  -4.52750158    
  -4.41568422    
  -4.07458496    
  -3.72893381    
  -4.53351402    
  -4.43960905    
  -3.44230366    
  -3.57867193    
  -4.10745859    
  -4.30243397    
  -5.00988722    
  -3.24205637    
  -3.71310043    
  -5.27296972    
  -3.26299500    
  -3.50357413    
  -3.02464008    
  -3.83940005    
  -3.72848535    
  -4.77509308    
  -4.83613157    
  -3.38127637    
  -4.09708738    
  -4.18813086    
  -3.48687768    
  -3.09045434    
  -3.67221689    
  -1.79808867    
  -2.94218993    
  -2.36298156    
  -2.34962010    
  -3.08158898    
  -2.62213945    
  -1.79835880    
  -2.40550041    
  -2.39494467    
  -2.09397411    
  -2.60361719    
  -1.78029490    
  -2.87606359    
  -2.94779944    
  -3.35580969    
  -2.55501795    
  -2.19763136    
  -2.27080965    
  -3.40456605    
  -2.66668820    
  -2.85241580    
  -2.65079546    
  -1.85263824    
  -2.65661097    
  -2.43063903    
  -2.43691659    
  -2.01056004    
  -2.15818906    
  -2.05195332    
  -3.17373991    
 -0.877253294    
  -3.36847258    
  -1.70635009    
  -2.58831549    
  -2.81808615    
  -2.70363927    
  -3.75592089    
  -2.34163857    
  -2.02646112    
  -2.28752565    
  -2.53710771    
  -4.08086777    
  -2.36423755    
  -3.39620304    
  -2.17118788    
  -2.39564371    
  -2.80696893    
  -3.10275340    
  -3.34667706    
  -3.02804303    
  -3.80548239    
  -1.88663280    
  -3.67198849    
  -3.34350753    
  -2.45151067    
  -3.78670216    
  -3.07216287    
  -2.02134418    
  -2.52619505    
  -2.87531304    
  -3.78395510    
  -3.40135932    
  -2.87413859    
  -3.35059762    
  -2.41578245    
  -2.60681462    
  -2.28252053    
  -3.51545835    
  -3.42990685    
  -2.97956777    
  -2.78436828    
  -3.19509244    
  -3.20767426    
  -3.77149510    
  -3.41163802    
  -3.57744360    
  -2.37294960    
  -2.20946932    
  -2.64821291    
  -2.35965133    
  -3.17859316    
  -2.85877085    
  -3.31874418    
  -2.94708300    
  -2.51138830    
  -3.64341354    
  -3.95866776    
  -4.00376129    
  -3.46282101    
  -4.78517914    
  -3.68574905    
  -4.50127506    
  -4.64070797    
  -4.42557907    
  -5.38602829    
  -5.02900648    
  -5.00033092    
  -4.36648417    
  -4.75738573    
  -5.77779722    
  -4.80772781    
  -4.68422937    
  -4.66736889    
  -4.18388748    
  -4.58272219    
  -5.18775415    
  -4.05575657    
  -4.88110352    
  -4.09933758    
  -4.17300606    
  -3.14779353    
  -4.28596592    
  -3.99764180    
  -4.62025070    
  -4.63656044    
  -3.75873613    
  -4.00709248    
  -4.45238400    
  -4.16285896    
  -3.49777794    
  -3.57800961    
  -4.27599716    
  -3.57415509    
  -4.33998585    
  -5.49273491    
  -3.41490126    
  -4.19104338    
  -4.31706667    
  -3.41055727    
  -4.01392794    
  -3.71418667    
  -4.16117954    
  -4.37429094    
  -4.72176790    
  -4.56925917    
  -4.92623138    
  -3.59245872    
  -3.86796093    
  -4.28639603    
  -4.53629446    
  -4.22489500    
  -4.25973797    
  -3.94988227    
  -5.12518406    
  -4.71484089    
  -4.08903027    
  -4.60798550    
  -4.25302649    
  -3.46729422    
  -4.74159575    
  -4.51409006    
  -3.73654532    
  -3.58024526    
  -4.24076462    
  -3.95418406    
  -3.94679117    
  -3.86357117    
  -5.14524317    
  -4.60651112    
  -5.08106422    
  -4.61616230    
  -5.01654959    
  -3.67505217    
  -4.90023136    
  -4.69878817    
  -4.74612188    
  -4.57989740    
  -4.36144161    
  -3.73437500    
  -4.03186274    
  -5.08023357    
  -3.82943869    
  -4.25498724    
  -5.03207874    
  -4.89827967    
  -4.92391253    
  -4.70388746    
  -5.11075211    
  -5.96022034    
  -4.92035675    
  -4.31803131    
  -5.74081850    
  -4.62977076    
  -6.07281542    
  -4.16900015    
  -4.35889816    
  -4.51315928    
  -4.55317783    
  -3.41923261    
  -4.54478359    
  -4.96559525    
  -4.79753017    
  -3.91149950    
  -3.10846663    
  -3.59158874    
  -3.55355358    
  -3.90459299    
  -3.72970939    
  -3.82955194    
  -3.99997044    
  -3.82642508    
  -3.56069231    
  -3.63206005    
  -4.80791998    
  -4.51735735    
  -5.06621361    
  -4.16778135    
  -4.04294252    
  -3.80685067    
  -3.91874862    
  -3.78437924    
  -4.66180563    
  -5.36000299    
  -4.99441147    
  -5.00598145    
  -4.55803633    
  -3.35276365    
  -4.28719616    
  -4.92119694    
  -4.29861546    
  -5.43675852    
  -5.06505251    
  -5.33566093    
  -3.99718904    
  -5.14111042    
  -6.28927612    
  -5.35893679    
  -5.41307926    
  -6.40359831    
  -5.56048107    
  -5.11148930    
  -5.77594471    
  -6.28067875    
  -6.53975773    
  -6.25948858    
  -5.62966728    
  -6.05868721    
  -5.71985292    
  -4.99128342    
  -5.83021688    
  -6.00101376    
  -5.86390066    
  -5.91932487    
  -5.09900618    
  -4.10858154    
  -4.61572266    
  -4.06564569    
  -3.64337635    
  -4.41638184    
  -4.72710705    
  -4.34906101    
  -5.29178762    
  -4.17759848    
  -5.11681938    
  -4.60606194    
  -4.18962717    
  -3.51382875    
  -4.16636848    
  -4.96048307    
  -4.57991219    
  -4.62514544    
  -5.27734804    
  -5.28835106    
  -5.46213388    
  -5.18193531    
  -6.01851940    
  -5.98936558    
  -5.02082825    
  -4.77087355    
  -5.05003738    
  -6.03582048    
  -4.81085491    
  -5.10912895    
  -4.29240417    
  -4.70372295    
  -5.32029247    
  -6.10230494    
  -5.44486046    
  -4.01840782    
  -4.39375639    
  -5.06258059    
  -5.23489141    
  -4.51790619    
  -5.42582178    
  -5.16319656    
  -5.24842930    
  -4.45606995    
  -4.69354439    
  -5.30094957    
  -5.08436251    
  -5.57486582    
  -4.38768148    
  -4.60830975    
  -3.84867644    
  -5.45443106    
  -5.15290499    
  -5.14258957    
  -5.78451681    
  -4.31807995    
  -4.20655727    
  -3.64415216    
  -4.87012672    
  -5.15341425    
  -4.48632002    
  -4.69347763    
  -4.72462034    
  -4.31698704    
  -5.04739332    
  -4.33497047    
  -4.14169550    
  -4.73316908    
  -4.32564211    
  -4.92576313    
  -4.71411848    
  -4.27986145    
  -3.53152657    
  -4.68641806    
  -4.56376839    
  -3.65271306    
  -5.14942503    
  -3.68731451    
  -3.65991259    
  -4.68860006    
  -3.74608135    
  -3.55387163    
  -3.33252907    
  -3.40195489    
  -3.18724751    
  -2.98879695    
  -3.23815942    
  -2.58493114    
  -3.95847249    
  -3.44877434    
  -3.79961419    
  -3.76116633    
  -3.15495658    
  -3.30219388    
  -2.56675720    
  -2.14661694    
  -2.94909024    
  -3.80074501    
  -2.51484060    
  -3.14828420    
  -4.07990503    
  -4.69901991    
  -4.24364853    
  -3.59481692    
  -3.54202628    
  -3.36516190    
  -4.39064884    
  -4.02910662    
  -4.71640444    
  -3.97616005    
  -3.57184839    
  -3.51162863    
  -3.20125604    
  -3.94674611    
  -3.18067312    
  -3.24966812    
  -3.11097193    
  -2.81027794    
  -3.98163891    
  -4.17821264    
  -3.29574203    
  -4.50835037    
  -3.55734563    
  -4.60547829    
  -3.29071593    
  -3.68509388    
  -4.03544903    
  -3.36261320    
  -3.18194818    
  -3.61841059    
  -3.25888753    
  -4.01031971    
  -4.05058002    
  -2.96941209    
  -3.33105302    
  -3.68270993    
  -2.73350215    
  -3.64506292    
  -3.16407633    
  -2.50066066    
  -2.14323354    
  -2.85830259    
  -3.20215249    
  -3.17874408    
  -3.78830814    
  -3.02941680    
  -2.52848649    
  -1.81653678    
  -2.95012712    
  -3.26741958    
  -3.05275702    
  -3.73454762    
  -4.17784166    
  -4.47551775    
  -3.42501163    
  -4.87428856    
  -5.06171322    
  -3.07952690    
  -3.45994854    
  -3.30137849    
  -2.81330538    
  -2.24134612    
  -3.36642218    
  -1.65044391    
  -1.59846258    
  -1.66898096    
  -2.28240156    
  -1.76652873    
  -3.06284666    
  -2.71973515    
  -1.85521448    
  -2.85768414    
  -2.17894983    
  -2.65983868    
  -1.98228669    
  -3.12044239    
  -3.96105647    
  -2.84753156    
  -3.85904503    
  -4.08970165    
  -4.45956326    
  -3.58595848    
  -4.05053616    
  -2.82502460    
  -3.69129229    
  -2.65470743    
  -2.44282651    
  -3.86821628    
  -2.72552824    
  -3.27831912    
  -2.73744845    
  -2.72804213    
  -3.72017288    
  -3.18883538    
  -3.04033971    
  -3.97523355    
  -2.77355194    
  -3.38810682    
  -2.97503352    
  -2.87538648    
  -2.70967650    
  -3.75237679    
  -3.79181385    
  -2.63585019    
  -3.45859313    
  -3.65600061    
  -2.74051094    
  -3.04340386    
  -3.58534145    
  -3.18186402    
  -2.26537633    
  -3.27247810    
  -2.41241527    
  -3.03229523    
  -3.13670993    
  -3.59862471    
  -2.01896667    
  -1.50782669    
  -2.56813097    
  -2.30395770    
  -1.92676497    
  -1.77659762    
  -1.70646024    
  -2.21174979    
  -2.14973712    
  -1.65685415    
  -2.18306828    
  -1.35225511    
  -3.07312465    
  -2.42091393    
  -2.00156879    
  -1.64927578    
  -2.07755232    
  -1.32209992    
  -2.57977176    
 -0.984142303    
  -1.23907328    
  -1.03458214    
 -0.614327490    
 -0.796685457    
  -1.20780134    
 -0.137329817    
  -1.57373190    
  -1.84911370    
  -2.14711142    
 -0.213858724    
  -1.66608107    
  -1.83091688    
 -0.851162672    
 -0.894953191    
 -0.766739607    
  -1.93399930    
  -1.34011555    
  -1.38023353    
  -1.71399915    
  -1.44218326    
  -1.25087440    
 -0.478976727    
  -1.17932200    
  -5.53177893E-02
 -0.187192827    
 -0.857723475    
 -0.846141398    
 -0.518967867    
 -0.270273328    
 -0.933936000    
  0.332988948    
  0.157062501    
  0.536061645    
  0.377106249    
  0.394725293    
  0.316904813    
  0.705935299    
  0.966631711    
   1.17448568    
  0.585406184    
   1.21949816    
   1.18283892    
  0.475780338    
  0.941563189    
   2.20640898E-02
  0.812047541    
  0.738883615    
  0.690396905    
  0.957163393    
  0.892342627    
   1.42283511    
   1.38794935    
  0.975916028    
  0.946755826    
  0.683871865    
  0.574319124    
   1.80184662    
   1.63461208    
  0.172489524    
  0.886980414    
  0.965217590    
  0.202280492    
  -4.70762849E-02
  -2.49918699E-02
   1.15448427    
   3.66117358E-02
  0.897141099    
  0.517924726    
  0.935708046    
  -8.89040232E-02
   1.05121958    
   1.15266252    
  0.928074062    
   1.48884630    
  0.946220040    
  0.888168156    
  0.855798244    
   1.28252101    
   1.78409863    
   1.65625131    
  0.469659626    
  0.582090259    
   1.84333432    
  0.257380962    
   1.58920991    
  0.331626594    
   1.69991219    
   2.07466435    
   3.08398151    
  0.890854955    
   1.15832639    
   1.38363636    
   1.28286695    
   1.42795777    
   1.47180986    
  0.960273027    
   1.42863345    
  0.496924758    
   1.74638772    
   1.88933551    
   1.41844821    
   2.77295947    
   2.73210406    
   2.07353806    
   2.95671368    
   1.65479732    
   1.43565464    
   1.62584555    
   1.48735809    
   1.53820753    
   1.99953568    
   1.93054104    
   1.82497323    
  0.322513819    
   1.36124861    
   1.38447177    
   2.16298342    
   3.00870609    
   1.57156777    
   2.13100743    
   1.75133193    
   1.95492947    
   2.55057549    
   1.51009452    
   1.86980271    
   2.02898908    
  0.825432658    
   2.64584446    
   2.27805710    
   2.28290486    
   1.87870920    
   1.18819475    
   1.87595081    
   1.99236548    
  0.697366178    
   1.70937014    
   1.43293750    
   2.06407666    
   2.52396441    
   1.37775302    
   2.01864886    
   1.79621768    
   3.08556604    
   2.47080946    
   2.13339996    
   1.13697517    
   1.47854662    
   3.27696776    
   2.23690081    
   2.00520396    
   1.99241114    
   3.20229363    
   2.19565272    
   2.43774652    
   3.18295288    
   2.32614493    
   2.21317816    
   2.91135645    
   2.86428714    
   2.71638465    
   2.45626354    
   4.15083265    
   3.86641335    
   2.75262046    
   3.10712767    
   1.78358829    
   3.55807114    
   3.67312407    
   2.19594455    
   3.29994726    
   3.33209133    
   3.15907907    
   3.97595072    
   3.65773654    
   3.42782664    
   2.69875026    
   1.66541946    
   3.21882701    
   3.51895905    
   3.23719597    
   2.48435283    
   2.77666450    
   2.58033729    
   1.98499799    
   2.29370832    
   1.93466473    
   2.32381392    
   1.73494804    
   2.29857016    
   2.01232290    
  0.899110317    
   1.74115050    
   1.39329493    
   1.13316917    
   2.14864922    
   1.37991822    
   2.23600793    
   1.69051445    
   2.15334678    
   1.59713352    
   1.76559782    
   1.96912718    
   1.71729720    
   1.73543036    
   1.09497643    
   2.77268982    
   2.56181288    
   2.25362325    
  0.663486123    
   1.02587974    
   1.09977150    
   2.06049085    
   1.30873156    
   2.08156204    
   2.10411334    
   1.80774856    
   3.05554342    
   2.39017129    
   2.88417268    
   1.77960062    
   1.77153468    
   1.72392893    
   2.03119969    
   3.48788047    
   2.31579041    
   3.08259320    
   3.06519985    
   3.32948589    
   2.78338599    
   3.21516943    
   2.55278277    
   3.74565697    
   3.35829449    
   3.47328782    
   3.72606659    
   3.84312367    
   3.07194996    
   3.20636964    
   3.78892541    
   2.76775074    
   3.13316178    
   3.23921680    
   4.67545128    
   3.47403574    
   3.95250511    
   3.35156894    
   3.80686378    
   2.80542803    
   3.59898019    
   4.45958853    
   3.95513868    
   3.49876881    
   3.61708355    
   4.08191967    
   4.54527903    
   4.89622450    
   4.29727030    
   3.41967058    
   3.78491783    
   5.13837433    
   4.07750940    
   4.34923077    
   4.73128510    
   4.43057823    
   4.81637573    
   4.62719202    
   3.98917246    
   4.67134714    
   4.49679518    
   5.33330917    
   4.96876240    
   5.38050556    
   5.59575176    
   5.32242966    
   4.66667986    
   4.90800667    
   5.44117022    
   4.24553537    
   4.43690443    
   4.39719629    
   4.77840853    
   4.08358097    
   3.74514771    
   3.60332489    
   3.49243546    
   4.04966021    
   3.34257221    
   4.75633717    
   3.97358274    
   4.11549997    
   3.91141176    
   3.79918861    
   3.96626258    
   3.61447906    
   3.56972361    
   3.98425198    
   3.57782459    
   2.74215269    
   3.75060201    
   2.58765841    
   3.28230977    
   3.53131819    
   4.29104280    
   3.20606947    
   3.49090075    
   3.46088886    
   3.12280464    
   4.66652155    
   3.04693460    
   4.28875113    
   4.10720682    
   4.69644785    
   4.49128389    
   5.08141327    
   5.55604935    
   5.41359997    
   4.55420542    
   5.19873810    
   4.32385921    
   5.28817987    
   4.74414587    
   5.26842880    
   5.17076826    
   4.79099274    
   4.87396097    
   4.04284048    
   4.89961052    
   4.41796923    
   5.13775969    
   4.71527767    
   4.33577347    
   4.63506508    
   4.79877090    
   4.30166960    
   4.42142010    
   4.62191534    
   6.32514620    
   4.08015060    
   5.60583830    
   4.64736414    
   4.98391628    
   5.25936890    
   4.43784714    
   5.10375881    
   4.32958412    
   6.10501194    
   5.14221859    
   5.02523994    
   4.41949463    
   5.10517025    
   6.07725763    
   4.82837820    
   5.01746702    
   4.77464914    
   4.95956707    
   4.98379993    
   4.43476534    
   5.06503534    
   5.10780239    
   4.99987078    
   4.48756599    
   5.47390318    
   5.04339790    
   4.50954962    
   5.89087057    
   4.76639605    
   3.44945097    
   4.62036657    
   3.87642503    
   3.03714514    
   2.44642687    
   2.00648689    
   3.57767034    
   3.35221744    
   2.20792723    
   3.06241035    
   3.53800249    
   2.46344304    
   3.92713881    
   4.48991585    
   2.70342207    
   2.72610569    
   3.80927086    
   3.87750840    
   3.64221716    
   2.36418200    
   4.19940662    
   3.26681304    
   2.05848980    
   2.54985356    
   3.93696356    
   3.14454293    
   3.13698149    
   4.18706369    
   3.67502975    
   4.38990545    
   4.48954105    
   3.83027124    
   3.02684116    
   3.27526426    
   3.00351381    
   2.59173608    
   3.20128083    
   2.73969603    
   3.89347959    
   4.07767391    
   3.07470131    
   3.57816911    
   3.44005442    
   4.84383583    
   4.32991076    
   3.90007401    
   3.49451709    
   4.66850615    
   4.51705360    
   3.68816662    
   2.64914298    
   2.66523600    
   2.06521225    
   3.05743194    
   3.69752455    
   2.88745093    
   3.54127669    
   3.28523898    
   3.55613685    
   2.46279001    
   3.12830567    
   3.02316856    
   3.04966259    
   3.53026366    
   3.76436901    
   3.62857389    
   1.57269859    
   2.18833590    
   3.51194906    
   2.49284554    
   3.90916824    
   3.11174345    
   4.43875217    
   2.73655939    
   3.17976570    
   3.40209126    
   2.69643903    
   3.02880740    
   3.80702615    
   2.95302367    
   3.55481505    
   3.88013792    
   3.01341581    
   3.56832981    
   2.56573224    
   3.30475235    
   3.03105235    
   2.46056795    
   2.36042142    
   2.04980969    
   2.67542887    
   2.24261522    
   2.55402255    
   3.65800071    
   3.32299185    
   2.71608949    
   2.57807660    
   2.74385977    
   2.51251745    
   2.90516591    
   2.14369726    
   1.96759069    
   2.29048538    
   2.23984218    
   2.57100677    
   2.29832101    
   2.31416631    
   3.26899028    
   2.25935841    
   2.42814779    
   2.77075696    
   2.22783089    
   2.45036602    
   2.02129626    
   1.47544742    
   2.90951753    
   2.85578895    
   2.99214458    
   2.13803864    
   2.01427889    
   2.99701691    
   2.49464178    
   3.00727272    
   3.06769419    
   2.98727202    
   2.77988434    
   2.63559198    
   3.09158206    
   2.96547604    
   3.04216313    
   1.56718099    
   2.51002455    
   3.22405076    
   2.16470575    
   2.50963068    
   2.94791698    
   3.12403464    
   2.38701534    
   2.12433982    
   1.52824688    
   1.35653615    
   1.74397409    
   2.65619016    
   2.53742504    
   1.14624333    
   2.14451098    
   2.01653361    
   2.40662241    
   4.10265684    
   2.58816481    
   2.72669554    
   2.65099788    
   3.39012575    
   2.62429070    
   2.64061737    
   2.93128705    
   3.27369499    
   3.41159511    
   3.43001938    
   3.17550421    
   3.42480302    
   3.61236048    
   4.20999765    
   4.28539276    
   4.88209915    
   4.74283123    
   4.70309591    
   4.09338474    
   3.36289549    
   4.64384842    
   3.53383350    
   4.11295557    
   5.18035889    
   4.73319054    
   4.43752337    
   4.44876003    
   5.93198490    
   5.16853619    
   5.48475075    
   4.69763756    
   4.20203400    
   5.79578686    
   5.83081436    
   5.23452187    
   4.07016563    
   6.06288910    
   6.03696394    
   6.48888779    
   6.79615450    
   5.57496262    
   6.81473207    
   7.40061283    
   7.26842690    
   6.88785839    
   6.23052645    
   6.53381300    
   6.01331902    
   5.54418278    
   6.19253731    
   6.12397289    
   6.57035923    
   6.04503727    
   6.11399651    
   5.76556778    
   5.72447586    
   7.48225498    
   6.25114727    
   6.55976915    
   7.57455063    
   6.83308363    
   6.78170872    
   6.90320110    
   7.48733234    
   6.08712196    
   5.84493732    
   6.37914181    
   7.11315012    
   6.96123219    
   6.06826782    
   6.72607470    
   6.05214643    
   5.45859098    
   4.82279778    
   5.62297249    
   5.56248760    
   5.32117271    
   6.18968105    
   5.50380087    
   5.89461040    
   6.43683434    
   7.05861664    
   6.40914488    
   7.16164160    
   7.17866611    
   6.37488270    
   6.49671173    
   5.83128834    
   7.49014902    
   5.92441988    
   7.19289970    
   6.72748470    
   6.05991077    
   6.50350904    
   7.10199308    
   6.51204062    
   5.38582468    
   6.10560465    
   6.36455774    
   6.55629015    
   6.19560003    
   5.35824537    
   5.50223923    
   5.99498034    
   6.78844595    
   6.76323986    
   7.00151443    
   7.16225815    
   6.52187538    
   7.31430387    
   6.62423944    
   6.85752678    
   6.19292498    
   7.14410686    
   7.46419191    
   6.37550068    
   6.29716587    
   6.45585775    
   7.38993073    
   6.41905880    
   7.18197060    
   6.77745819    
   7.30626774    
   7.30745411    
   7.06376076    
   6.55016804    
   6.99698353    
   6.19255257    
   7.09599638    
   7.18085766    
   7.48624945    
   6.99514627    
   6.77447414    
   6.94086599    
   6.76572084    
   6.75581646    
   6.82419729    
   6.41314554    
   6.41713095    
   7.84230280    
   7.49387598    
   6.86874819    
   6.68783522    
   6.64764118    
   7.70717573    
   6.63118124    
   7.03287458    
   6.42928982    
   6.35384798    
   6.21208811    
   6.48957062    
   6.59203815    
   7.04622650    
   6.61688709    
   6.48061466    
   6.49965572    
   6.03338194    
   4.71989393    
   5.67802954    
   5.33561230    
   5.56770182    
   5.68689299    
   5.31131649    
   6.41630173    
   5.91928148    
   5.51161766    
   6.15712404    
   6.58802986    
   6.49445534    
   6.78806162    
   6.29278135    
   6.39695644    
   6.14458942    
   5.65132523    
   7.12097979    
   5.47727537    
   5.54194546    
   5.79840326    
   4.66575146    
   4.95705938    
   5.96977520    
   5.16325045    
   5.83059835    
   5.27142572    
   4.46670389    
   4.80929947    
   4.58828211    
   5.45414495    
   4.74591017    
   4.16395378    
   5.33483696    
   4.20550394    
   5.05155754    
   4.34410810    
   4.76206541    
   4.17462587    
   4.03171539    
   4.70062447    
   4.37335825    
   5.00981569    
   4.52881002    
   4.13499928    
   4.51610947    
   4.71658993    
   3.11709213    
   4.00827265    
   4.13494110    
   2.80641341    
   3.02475905    
   2.24918842    
   2.97530270    
   2.34207535    
   2.70871735    
   1.90054262    
   1.52170110    
   1.86785460    
   2.34616733    
   2.55196929    
   2.51902938    
   4.28861952    
   2.81354237    
   2.01589656    
   2.83999586    
   2.02736807    
   1.73030484    
   2.29615831    
   2.71174860    
   2.45496941    
   1.99729252    
   1.76430106    
   2.15507388    
   2.43736839    
   3.60628891    
   3.18023443    
   2.19594574    
   3.94612575    
   2.78552866    
   3.81755209    
   1.98851728    
   3.45423293    
   3.38986278    
   3.16109562    
   2.32961035    
   2.53918171    
   1.56054699    
   2.20699120    
   2.45732021    
   2.42103767    
   1.45582116    
   1.66173625    
   1.72702384    
   1.28816044    
   1.87045825    
   1.33792257    
   1.56089711    
  0.859905362    
  0.941542804    
   1.16814566    
  0.768010616    
   2.22207713    
  0.454801321    
   1.58076322    
   1.37853038    
  0.850065470    
   1.16660166    
   5.66038489E-02
  0.842985511    
   1.01642609E-02
  0.764977992    
   1.18930292    
 -0.318982482    
 -0.205531597    
 -0.129158258    
  0.739538431    
  0.321699947    
  0.192484707    
   1.76501203    
  0.353187561    
  0.650115550    
  -8.57934207E-02
 -0.274217695    
 -0.757509887    
 -0.703079045    
  0.255379140    
  0.312202960    
 -0.209901020    
 -0.805625677    
  0.216948420    
  0.945133388    
 -0.203622177    
 -0.762092888    
  0.392884195    
  0.425707996    
  0.285804808    
  0.926363111    
   1.10584879    
  0.104012072    
   1.22899032    
  0.879406214    
   1.41204190    
   1.06320810    
  0.229101151    
  0.468143523    
  0.809118450    
  0.929428220    
  0.467367291    
 -0.586728632    
  0.450225174    
  0.552009940    
  0.309285820    
 -0.341368437    
   5.44453412E-02
 -0.225950569    
 -0.522243977    
 -0.597611308    
 -0.143960297    
 -0.713638186    
  -7.00550675E-02
 -0.343718499    
 -0.770599067    
  0.203114748    
  -1.06349170    
 -0.249068916    
  -2.42948818    
  -2.02226710    
  -1.82890821    
  -2.39425778    
  -1.98219991    
  -1.50390744    
  -1.49704063    
  -1.34172094    
 -0.912464142    
  -1.74153495    
 -0.311345696    
  -1.75482512    
  -1.34047794    
  -2.54162812    
  -1.87729955    
  -1.12675786    
  -2.12855172    
  -1.72732699    
  -2.33117557    
  -2.32318592    
  -1.38979793    
 -0.713266134    
  -1.43625045    
  -1.64311814    
 -0.222298205    
  -1.01454592    
  -1.49005151    
  -2.66950560    
 -0.924897969    
  0.172631204    
 -0.742639303    
 -0.789558113    
 -0.789926529    
 -0.972405791    
 -0.414223582    
  -1.35691178    
 -0.875994444    
 -0.395160079    
  -9.35661197E-02
 -0.973210573    
 -0.698926926    
 -0.162385821    
 -0.199875847    
 -0.387694180    
 -0.404978603    
  0.387459427    
  0.231749311    
  0.379599005    
 -0.290537119    
 -0.671068013    
  -5.87287992E-02
 -0.213659838    
  0.918074727    
  0.839422107    
   1.37917495    
  0.148169145    
  0.389715195    
   1.70867667E-02
  -5.05427457E-02
  0.212687701    
  0.182412565    
   9.64132100E-02
  0.606245458    
  0.137425214    
  -5.47434092E-02
 -0.432410210    
 -0.240725517    
 -0.380927563    
  0.477058649    
 -0.195682988    
 -0.176165551    
  0.514679432    
   1.26367724    
  0.737731576    
  0.590098858    
  0.868117571    
 -0.580769598    
 -0.336633921    
 -0.107293069    
 -0.113826960    
  -1.18733132    
  -1.24406219E-02
  -1.86335373    
  -1.34336185    
  -1.67973185    
 -0.557099640    
  -1.14219749    
 -0.852217257    
  -1.45157051    
 -0.270702332    
 -0.301286757    
 -0.464149684    
 -0.728690982    
   1.44606978E-02
   7.09164143E-02
 -0.329057455    
 -0.176695615    
 -0.396758884    
 -0.803381801    
   7.05406070E-02
  -1.76650751    
   2.09652781E-02
 -0.426378846    
  -1.37859106    
 -0.189188004    
  -1.04495144    
 -0.529329121    
  -1.50789571    
 -0.694992065    
 -0.877164423    
  -1.35355496    
 -0.978281915    
  -2.02737141    
  -1.44552708    
  -1.69394469    
 -0.761444509    
  -1.63722479    
  -2.06803584    
  -2.25572777    
  -1.59348929    
  -1.39686954    
  -2.49703479    
  -2.00118494    
 -0.805858016    
  -1.70776725    
  -1.91665077    
  -1.15594292    
  -1.94074345    
 -0.817940533    
  -1.29604006    
  -1.56121993    
  -2.18684769    
  -3.51769495    
  -2.08545637    
  -2.02785373    
  -3.57578540    
  -3.14746094    
  -3.31073451    
  -3.31936789    
  -3.02731681    
  -2.45614290    
  -3.86968780    
  -3.96190691    
  -2.73012614    
  -2.75851488    
  -1.51268959    
  -2.05907655    
  -1.30495429    
  -2.28219104    
  -2.54943919    
  -2.24996495    
  -1.66076207    
  -1.53855193    
  -2.28001714    
  -1.93111897    
  -2.61525607    
  -1.80779862    
  -3.12340903    
  -2.06442261    
  -2.34092546    
  -2.39507318    
  -1.53028655    
 -0.815401077    
  -2.64820290    
  -2.83109236    
  -1.56365538    
  -1.55158675    
  -3.01698589    
  -1.99098933    
  -1.70782590    
  -1.80587208    
  -2.57825875    
  -1.91145241    
  -3.63361907    
  -2.63696909    
  -2.30231667    
  -3.11634779    
  -2.55452538    
  -2.20229554    
  -2.15571070    
  -2.39696002    
  -2.85140681    
  -2.88667154    
  -2.12745810    
  -3.01280737    
  -3.32925129    
  -3.27904701    
  -3.21834803    
  -3.35083818    
  -3.69807482    
  -3.16955304    
  -3.20951819    
  -3.11708546    
  -2.35679579    
  -2.22913313    
  -2.15015936    
  -3.15493536    
  -2.94600916    
  -2.47774339    
  -2.23321509    
  -2.70850396    
  -2.54369354    
  -3.42011738    
  -3.77380896    
  -4.28501511    
  -3.54390359    
  -2.26343894    
  -2.73093176    
  -3.32371783    
  -3.67018080    
  -4.31691122    
  -3.04468560    
  -4.14278412    
  -4.56892252    
  -3.05125117    
  -4.94781780    
  -4.29656982    
  -3.40339375    
  -3.57586074    
  -2.85528922    
  -3.47272849    
  -3.10195947    
  -3.54521298    
  -3.75533414    
  -4.80138969    
  -3.79456282    
  -3.65346932    
  -2.67961168    
  -4.24464417    
  -3.48244095    
  -4.44530487    
  -4.12453842    
  -4.47767544    
  -4.75850439    
  -5.08935499    
  -4.90539408    
  -4.48536634    
  -4.86556339    
  -4.22620201    
  -5.11128521    
  -5.02345419    
  -4.30393887    
  -4.65196323    
  -3.81291652    
  -3.96002603    
  -4.07499409    
  -3.64400148    
  -3.62802172    
  -5.03620243    
  -4.57298183    
  -4.44816208    
  -3.60736346    
  -3.57618666    
  -2.96566772    
  -4.15196371    
  -4.18129683    
  -3.71036935    
  -3.91048217    
  -3.05065131    
  -4.14222431    
  -3.93806481    
  -3.50931454    
  -4.10666370    
  -3.64470983    
  -4.37412643    
  -2.87025332    
  -3.44347739    
  -4.04439926    
  -3.73864245    
  -4.37137270    
  -3.94310570    
  -3.35749078    
  -3.02184486    
  -4.74896049    
  -4.02190876    
  -4.32859039    
  -3.53451085    
  -3.60720062    
  -3.33891320    
  -4.56478548    
  -3.66937613    
  -3.66886950    
  -3.78750467    
  -3.81897497    
  -3.37131906    
  -3.95195246    
  -3.32184196    
  -3.24723554    
  -3.39892840    
  -2.16339493    
  -3.13554740    
  -2.77066183    
  -2.64333391    
  -4.01504898    
  -3.69454074    
  -3.65743542    
  -4.41854191    
  -4.03924990    
  -4.54151392    
  -3.98656201    
  -2.89977503    
  -4.53947496    
  -4.39861631    
  -3.26337385    
  -4.05296993    
  -3.53550220    
  -3.11397982    
  -2.98939514    
  -4.62717628    
  -2.99978542    
  -3.59440851    
  -3.51943254    
  -2.79724789    
  -3.83833861    
  -2.54098129    
  -2.66767526    
  -3.35659027    
  -4.03162146    
  -3.34423280    
  -3.82711720    
  -4.15950823    
  -3.18760943    
  -3.78970003    
  -2.98398089    
  -3.83575630    
  -3.41114092    
  -3.02241802    
  -3.80276847    
  -4.40765715    
  -3.52153683    
  -3.90467310    
  -4.21144533    
  -6.06194687    
  -4.57164335    
  -3.57154441    
  -4.19839191    
  -4.75253820    
  -4.79832077    
  -3.51630759    
  -3.92367053    
  -4.99719620    
  -4.78708172    
  -3.88832998    
  -3.99301720    
  -4.46884394    
  -3.74959135    
  -3.71752071    
  -3.69462681    
  -5.59293127    
  -4.15781450    
  -3.68071413    
  -4.20639420    
  -4.40956831    
  -4.04467964    
  -5.38926697    
  -4.42871666    
  -5.41368771    
  -4.35621738    
  -5.11701107    
  -4.77981710    
  -4.70386982    
  -5.03219223    
  -3.89447570    
  -5.57044983    
  -5.85356092    
  -4.80541611    
  -4.32618093    
  -5.27870464    
  -4.01626587    
  -5.75491428    
  -5.08676720    
  -4.15738010    
  -4.55526733    
  -4.86921597    
  -4.75776386    
  -4.42700100    
  -4.21881342    
  -4.30353594    
  -5.09713554    
  -5.64759588    
  -6.23135948    
  -5.57150126    
  -4.02796650    
  -5.28525639    
  -5.57811069    
  -4.01895428    
  -4.68987989    
  -4.92705297    
  -4.91897202    
  -5.49483490    
  -4.75787163    
  -5.95859337    
  -5.49699831    
  -4.25036144    
  -5.00819445    
  -5.29205322    
  -4.96247959    
  -5.14640570    
  -5.50700951    
  -4.73024368    
  -5.28746700    
  -4.72492504    
  -4.78270531    
  -5.18455982    
  -3.92524719    
  -4.87646294    
  -4.68686771    
  -4.75476265    
  -3.87755799    
  -5.08377790    
  -5.47920990    
  -4.98576641    
  -4.17081594    
  -5.11274195    
  -3.58504152    
  -5.97695446    
  -4.39679003    
  -5.18986273    
  -4.56362486    
  -4.23329353    
  -3.71163201    
  -4.19490480    
  -3.88216901    
  -3.16049647    
  -3.25553107    
  -3.32473087    
  -3.92645049    
  -3.48750925    
  -3.74654007    
  -3.93622041    
  -3.20933676    
  -2.44362259    
  -2.70267987    
  -2.92434430    
  -3.54354429    
  -1.45521164    
  -3.35037589    
  -3.60517311    
  -3.22738361    
  -2.60944772    
  -3.24845314    
  -3.30539012    
  -3.32671213    
  -4.04742908    
  -4.32673407    
  -3.86284494    
  -4.55444860    
  -3.42358732    
  -4.19947624    
  -3.44224548    
  -3.14920616    
  -3.61489892    
  -5.26564312    
  -3.75073695    
  -3.30016255    
  -3.88123608    
  -2.93781829    
  -3.14002013    
  -2.62156963    
  -3.08316183    
  -2.20930052    
  -3.11855626    
  -2.36234927    
  -1.94415355    
  -2.45197725    
  -2.60823870    
  -2.76566482    
  -3.08246255    
  -3.02638245    
  -2.55440998    
  -2.29670644    
  -2.04882479    
  -2.59646225    
  -2.70460033    
  -2.89229774    
  -2.15420961    
  -3.82049417    
  -2.51293635    
  -2.34354329    
  -3.30431819    
  -3.45806241    
  -2.50872564    
  -3.37776804    
  -3.38289404    
  -3.24595666    
  -2.39095092    
  -2.70479155    
  -1.87222528    
  -1.63437915    
  -2.94428515    
  -2.47555876    
  -2.92704844    
  -2.87988091    
  -2.48711133    
  -2.79745340    
  -2.01127815    
  -2.85557652    
  -3.62519598    
  -3.32796788    
  -2.09457612    
  -3.18997097    
  -2.28350210    
  -2.56962895    
  -2.86714315    
  -3.30923271    
  -4.15820694    
  -2.14754438    
  -3.67566371    
  -3.73686218    
  -4.10622597    
  -3.42206454    
  -3.13468719    
  -4.20773792    
  -4.33758020    
  -2.75691557    
  -4.08051205    
  -3.41752601    
  -3.29704738    
  -4.10183144    
  -2.50616312    
  -3.29303145    
  -2.61589599    
  -2.71949267    
  -3.31235480    
  -2.51230931    
  -2.68805242    
  -2.52674890    
  -2.11103678    
  -1.69618440    
  -2.60452032    
  -3.20801544    
  -3.67496729    
  -3.21667266    
  -3.19684553    
  -2.97693682    
  -2.32834697    
  -1.91895759    
  -2.39678407    
 -0.733358860    
  -2.23613548    
 -0.696757138    
  -1.58197522    
  -1.51096761    
   2.09671259E-02
  -1.37467968    
  -1.32943165    
  -1.82558382    
  -1.86212289    
  -1.33808219    
  -2.05321693    
  -2.59023833    
  -1.97813642    
  -1.40440941    
 -0.954117119    
  -1.83639145    
  -1.33832335    
  -1.11447072    
  -1.21851087    
  -1.55642056    
  -1.71027708    
 -0.115754664    
 -0.359925687    
  0.400125623    
  0.361877024    
  -1.27629578    
 -0.794221699    
 -0.662485480    
 -0.514814198    
  0.632981420    
 -0.170201540    
 -0.634496093    
 -0.225634456    
  -1.47304094    
  -1.73023689    
  -1.26769376    
  -1.83401275    
 -0.803216219    
 -0.281969845    
  -1.28074074    
 -0.161444902    
  -1.29344082    
 -0.802601635    
 -0.967683971    
  -1.39302218    
  -1.86317384    
  -1.65025508    
  -2.57341409    
  -1.77549243    
  -3.21779132    
  -2.37349463    
  -2.41385341    
  -2.33890247    
  -2.65785694    
  -2.48234034    
  -2.47691584    
  -2.85538101    
  -3.00662804    
  -2.26022816    
  -1.85377753    
  -2.20210981    
  -2.57731414    
  -1.69392300    
  -2.65542650    
 -0.986260355    
  -2.55542994    
 -0.617346168    
  -2.42605162    
  -1.71591794    
 -0.526513577    
  -2.27786493    
  -1.98323762    
  -2.00829697    
  -2.04156137    
  -1.99155819    
  -1.44986999    
  -2.50823379    
  -1.42518497    
  -1.30525887    
  -1.00891030    
  -1.02883816    
 -0.810945988    
  -2.27474523    
  -2.47858667    
  -2.99125481    
  -2.18235278    
  -2.42615128    
  -2.07120776    
  -1.11649442    
  -1.29415703    
  -1.37058282    
  -1.87701297    
  -2.56645727    
  -2.05448842    
  -2.16355896    
  -1.69073486    
  -1.76205325    
  -1.15594852    
  -2.05710316    
  -1.96101606    
  -3.20744896    
  -1.18061852    
 -0.655168951    
  -1.45227087    
  -1.61253059    
  -1.08190513    
 -0.493285000    
  -1.04827821    
  -1.65647531    
 -0.870220184    
 -0.757759511    
 -0.269109607    
  -1.16587436    
 -0.761834979    
 -0.920413733    
  -1.80344462    
 -0.552396655    
 -0.803348482    
 -0.877788305    
 -0.906452417    
  -1.97207236    
 -0.956523299    
 -0.753531337    
 -0.904856145    
 -0.732372403    
  -1.18810534    
  -1.29001963    
  -1.68178964    
  -1.92377329    
  -1.05447352    
  -1.98459721    
  -1.00545859    
  -1.42598569    
  -1.71110022    
 -0.891232789    
  -1.32155144    
  -1.31682622    
 -0.948795617    
  -1.11564636    
  -1.27242744    
  -1.45836568    
  -2.06579208    
 -0.916551411    
  -1.23643267    
  -1.61417437    
  -1.45173371    
  -1.13955748    
  -1.40551579    
  -2.02678585    
  -1.12231398    
 -0.341976911    
 -0.892197013    
 -0.519878030    
 -0.542111337    
  -1.07748413    
 -0.160795987    
   2.33439207E-02
  0.337475777    
 -0.131483197    
 -0.122960448    
   3.45516838E-02
 -0.807766855    
 -0.540715456    
  -5.20228148E-02
   1.19579244    
 -0.132531404    
 -0.397012830    
 -0.300015688    
   6.89602643E-02
  0.335183084    
  0.160096556    
   1.57578886E-02
  0.515927732    
 -0.398328006    
  0.401313812    
 -0.196552306    
  0.291659176    
  0.390920132    
 -0.614421487    
 -0.266754806    
  0.657836199    
  0.598683774    
   1.57244110    
  0.220965922    
   1.45358801    
   1.39315510    
   1.06322908    
   1.17447686    
   1.86357391    
   2.07051563    
   1.44849396    
   1.24377263    
   1.91045070    
   5.07426262E-02
  0.667792916    
   1.61274123    
  0.682368755    
  0.394320279    
   3.15288305E-02
  0.555625439    
  0.249661475    
 -0.219275445    
  0.991161883    
   3.38983685E-02
 -0.408284843    
 -0.174691409    
  0.936465025    
  0.541386962    
  -8.10029805E-02
  0.648121357    
   1.46465445    
  0.909229100    
   1.39372706    
  0.649170041    
   1.24843049    
  -5.95904589E-02
  0.901015580    
   1.86889887    
   1.80353796    
   2.18529177    
   1.32145154    
   1.68975997    
   1.86354554    
   2.40940380    
   2.51819038    
   1.43551314    
   3.16639185    
   3.45964074    
   3.59343481    
   2.81695676    
   2.70932746    
   2.93643785    
   2.23200727    
   2.06309986    
   2.03951478    
   1.51860929    
   1.80214071    
   2.75229073    
   1.75298023    
   2.54585981    
   2.69113350    
   2.45997524    
   1.50308895    
   2.65338492    
   3.65772390    
   2.99382854    
   3.13568497    
   2.51528978    
   3.37005830    
   2.88633037    
   3.38652945    
   2.86903572    
   3.29385281    
   1.71645212    
   3.11390209    
   2.41176224    
   2.48711705    
   2.38439965    
   2.06626296    
   2.08871698    
   1.49662948    
   2.61767101    
   1.99502957    
   2.29983711    
   1.73349452    
   2.15420151    
   2.28879285    
   3.44782472    
   2.85542583    
   2.88232493    
   3.21422291    
   2.52334952    
   2.52608299    
   2.57866454    
   1.97405565    
   1.71838319    
   1.25926685    
   2.38297248    
   3.22576427    
   3.45326567    
   2.61705732    
   2.92669845    
   3.09745550    
   3.34442687    
   3.05356431    
   2.74544024    
   3.42194700    
   2.82162952    
   3.12463570    
   2.46490622    
   3.18742943    
   1.87187886    
   2.62068057    
   3.02833271    
   3.50737810    
   3.17092180    
   2.97933984    
   2.96229744    
   2.44578028    
   3.75373435    
   3.03430915    
   4.19559669    
   3.09358597    
   3.49145889    
   3.30512142    
   3.97727418    
   3.54887557    
   2.56621027    
   3.60336494    
   4.13517141    
   4.16270828    
   3.79666448    
   3.52754259    
   3.70040536    
   3.65080190    
   2.68453550    
   3.21000433    
   5.03042459    
   3.59533429    
   3.83940125    
   4.24592400    
   3.69794464    
   4.73091888    
   4.64491272    
   2.93526745    
   4.90424252    
   4.45148039    
   4.24249554    
   3.83553600    
   2.69613552    
   3.45906568    
   3.71406794    
   2.27137351    
   4.05581570    
   2.86980367    
   3.36049128    
   4.02599287    
   2.53250408    
   2.73647523    
   3.25334907    
   2.65104461    
   4.10946417    
   2.85074401    
   3.79323530    
   3.79117966    
   3.62416196    
   4.07490158    
   4.42612171    
   4.98932219    
   3.85900354    
   4.51315689    
   5.33728504    
   3.89795971    
   4.20603943    
   5.32689762    
   5.33936405    
   4.98929024    
   4.21186543    
   3.97553110    
   4.67265701    
   5.04657602    
   4.20096779    
   4.19420862    
   4.66410446    
   5.40083647    
   4.81780338    
   5.39561987    
   5.96337128    
   5.75388002    
   5.83827305    
   5.83612823    
   5.49953127    
   6.62450600    
   5.72119761    
   5.70120144    
   5.50948477    
   5.68586826    
   5.36036301    
   6.65615416    
   5.60561466    
   5.09998608    
   5.98544168    
   5.06320333    
   6.02195787    
   6.48348856    
   6.22845554    
   5.52004194    
   4.86238766    
   5.87641144    
   5.52358866    
   5.48333311    
   5.48250484    
   5.66555166    
   5.10040140    
   6.07187510    
   5.76834679    
   5.40189457    
   5.67902327    
   6.09765911    
   6.00317574    
   5.94586515    
   4.87699318    
   5.62515211    
   5.41731691    
   5.85320759    
   5.73035240    
   5.93172121    
   6.02039480    
   6.65365887    
   6.30843544    
   6.47649622    
   6.80167484    
   5.69262362    
   6.38405275    
   6.13020325    
   5.65435171    
   7.60034657    
   6.90513897    
   7.15092850    
   6.02583456    
   6.40364933    
   7.40567303    
   8.24984169    
   7.29009008    
   7.70051003    
   6.95830011    
   8.07164383    
   6.71205616    
   7.75094891    
   7.42033100    
   8.08448124    
   7.64048100    
   8.49322128    
   7.78445387    
   8.62693214    
   7.29533768    
   8.03115845    
   7.54141712    
   8.52145386    
   8.11901951    
   7.76675272    
   7.95401192    
   7.97769833    
   8.14653587    
   8.44150448    
   7.67268038    
   8.07376099    
   6.79945278    
   8.24422073    
   8.08649826    
   8.76144314    
   8.03091526    
   7.48637676    
   8.66433430    
   8.68073559    
   8.64184475    
   7.53688478    
   7.09478188    
   7.17334938    
   8.00926781    
   7.85806990    
   7.38347721    
   8.99178791    
   7.64924574    
   7.37692881    
   7.97889566    
   7.70190382    
   8.37506962    
   6.61643028    
   7.77358580    
   8.96509075    
   7.79784155    
   7.02806616    
   8.31397057    
   7.98137331    
   8.00703621    
   8.35011864    
   8.03129196    
   8.28111458    
   8.06212425    
   7.98531532    
   7.98223495    
   7.52759171    
   7.76835299    
   7.04105282    
   8.19431973    
   7.81364918    
   7.56236267    
   8.81993389    
   8.11527729    
   7.75148010    
   7.47387505    
   7.42660284    
   7.42455244    
   7.58406401    
   7.25341034    
   6.95429277    
   8.47485352    
   6.70372486    
   7.47328091    
   7.22500038    
   7.46780300    
   7.80246019    
   7.94614697    
   7.12913418    
   7.92231417    
   7.62249708    
   7.09331799    
   7.37141562    
   6.63092041    
   6.80141497    
   7.54509306    
   7.85640335    
   7.96815872    
   8.59777737    
   8.57771206    
   8.70775414    
   9.47102165    
   9.51157570    
   8.81310368    
   8.40535927    
   8.88011360    
   9.61826801    
   9.64009094    
   8.57396698    
   9.48524857    
   9.16574764    
   9.19587708    
   9.31336594    
   8.43738174    
   9.52206421    
   8.63204479    
   10.4033670    
   9.82557392    
   7.97619724    
   10.2873459    
   8.87345028    
   8.61980820    
   9.62917328    
   10.7864513    
   10.1961870    
   9.85105515    
   10.0563993    
   10.2389622    
   10.4497719    
   10.0665770    
   10.3225965    
   10.9621458    
   10.1647129    
   10.7726879    
   9.89159298    
   11.3643351    
   11.5574951    
   10.8613033    
   10.2283287    
   10.2469168    
   10.4090853    
   10.3803701    
   11.2873344    
   11.0866499    
   9.51470470    
   8.22768879    
   9.29996109    
   8.98183918    
   9.00902843    
   9.32354164    
   10.5920105    
   9.34393597    
   9.63451385    
   9.61946106    
   9.80679703    
   9.59767532    
   9.45126247    
   9.98601341    
   9.02757645    
   9.64942074    
   9.70866013    
   10.7356243    
   9.83425903    
   9.43402290    
   10.2393064    
   11.1819429    
   11.0566111    
   10.6014318    
   10.4614420    
   9.27620220    
   10.5471106    
   10.6445780    
   10.0140667    
   11.0014524    
   11.1170216    
   10.3595362    
   10.1279316    
   10.3716469    
   9.90147781    
   10.5741215    
   10.6228638    
   10.3394890    
   10.8906832    
   10.4644127    
   11.4206905    
   9.95447159    
   10.7012911    
   10.7794847    
   10.8562527    
   10.8729019    
   10.5983114    
   10.8974905    
   10.8305540    
   11.3887043    
   11.1971111    
   11.3858767    
   11.1567945    
   12.0222855    
   11.2076769    
   11.3235779    
   12.1766844    
   11.3373623    
   11.2938929    
   11.9282551    
   11.8850336    
   11.9495249    
   10.9612923    
   11.6175070    
   12.4970140    
   11.6153955    
   12.0228653    
   12.2823563    
   12.1137486    
   12.6078596    
   12.5598660    
   12.4210377    
   12.5442314    
   12.8087740    
   13.3071051    
   12.9152565    
   13.4447708    
   12.7678165    
   13.5286636    
   13.0549154    
   12.6183109    
   13.7922554    
   12.4739151    
   13.2765226    
   12.6883965    
   12.4133539    
   12.2440319    
   13.6748581    
   12.8211956    
   12.3334293    
   11.6215696    
   12.2303686    
   11.5008783    
   12.6366644    
   12.5260935    
   11.4459381    
   12.1684275    
   11.7730818    
   11.3614874    
   11.7937765    
   11.4190178    
   12.3019638    
   12.5452614    
   12.5906878    
   13.3647413    
   12.7224493    
   12.3252029    
   12.2928915    
   12.6164255    
   11.2905655    
   10.9933176    
   11.9514046    
   12.0951996    
   11.6568947    
   12.0385227    
   12.2899179    
   12.1491938    
   12.2933941    
   11.5332317    
   12.0594177    
   11.9378090    
   10.7630510    
   12.0044584    
   10.6104965    
   12.0699129    
   11.3781004    
   10.9005289    
   11.5391216    
   12.2034111    
   11.7074757    
   12.1142941    
   12.1557703    
   11.1882505    
   12.4142971    
   11.0764542    
   10.3170319    
   12.2375088    
   11.8196974    
   12.3314791    
   11.9574423    
   12.4902782    
   12.2082796    
   12.0460415    
   12.0629873    
   12.4606199    
   11.3382511    
   10.8121834    
   10.9722128    
   11.2947721    
   11.8417177    
   11.7247066    
   10.3584871    
   11.8887033    
   11.8413410    
   10.9680538    
  0.887489676    
 -0.444010198    
  0.377846599    
  0.446906954    
   1.21654141    
  0.833584428    
   1.11022043    
  0.508553982    
 -0.363662660    
  0.681104004    
 -0.378810912    
  0.140616000    
 -0.425150275    
   3.93845886E-02
  0.380342126    
  -1.81516875E-02
  -2.19335537E-02
  0.147447899    
 -0.858525693    
 -0.189015731    
 -0.351572424    
   1.33024855E-02
  -1.02027965    
  0.782876432    
 -0.658125758    
 -0.462419420    
 -0.162534237    
  -6.00735657E-02
 -0.259117782    
 -0.272026598    
  0.259675384    
  0.497182757    
   1.19238091    
   8.52975324E-02
 -0.158917308    
 -0.247929588    
  0.407220483    
 -0.807952404    
   7.18439519E-02
   5.96584752E-02
  0.203210965    
   1.30714166    
 -0.568280220    
  0.642121017    
   1.04280785E-02
 -0.431348771    
   6.24862090E-02
 -0.283930689    
  0.120633677    
  0.740017533    
   2.30612233E-02
  0.191382676    
  0.880423605    
 -0.516355753    
   1.28054070    
  0.162018403    
  0.494973421    
  0.300926000    
 -0.620344758    
  0.882373095    
 -0.177773714    
  0.437527776    
 -0.599665344    
  0.967504621    
  0.396806240    
  -1.27661419    
 -0.505502045    
   2.86505446E-02
  0.176767573    
   1.10259080    
 -0.598341346    
   1.33095527    
  0.591711819    
 -0.633096397    
  0.487107724    
  0.516843140    
 -0.339195430    
  0.262864083    
 -0.280835539    
 -0.206628188    
 -0.480335176    
 -0.792825162    
 -0.220866442    
 -0.625845730    
 -0.407488286    
  -3.85837294E-02
 -0.945599854    
 -0.743244648    
  0.142926380    
  -7.38405797E-04
 -0.138225973    
  0.535909355    
 -0.684931993    
  0.253757417    
  -5.20462170E-02
  -4.71992791E-03
  0.762332499    
 -0.941554427    
  0.552951634    
 -0.433269978    
